{"C:\\Users\\Usuario\\OneDrive\\Development\\Web Development\\control-caducidades\\server\\logger.js": {"path":"C:\\Users\\Usuario\\OneDrive\\Development\\Web Development\\control-caducidades\\server\\logger.js","statementMap":{"0":{"start":{"line":1,"column":13},"end":{"line":1,"column":28}},"1":{"start":{"line":3,"column":15},"end":{"line":13,"column":2}},"2":{"start":{"line":15,"column":0},"end":{"line":15,"column":24}}},"fnMap":{},"branchMap":{"0":{"loc":{"start":{"line":4,"column":9},"end":{"line":4,"column":40}},"type":"binary-expr","locations":[{"start":{"line":4,"column":9},"end":{"line":4,"column":30}},{"start":{"line":4,"column":34},"end":{"line":4,"column":40}}],"line":4}},"s":{"0":3,"1":3,"2":3},"f":{},"b":{"0":[3,3]},"_coverageSchema":"1a1c01bbd47fc00a2c39e90264f33305004495a9","hash":"c65d62e93c292a795e8580ab58529277ab98451c"}
,"C:\\Users\\Usuario\\OneDrive\\Development\\Web Development\\control-caducidades\\server\\controllers\\authController.js": {"path":"C:\\Users\\Usuario\\OneDrive\\Development\\Web Development\\control-caducidades\\server\\controllers\\authController.js","statementMap":{"0":{"start":{"line":1,"column":13},"end":{"line":1,"column":38}},"1":{"start":{"line":2,"column":12},"end":{"line":2,"column":35}},"2":{"start":{"line":3,"column":15},"end":{"line":3,"column":34}},"3":{"start":{"line":4,"column":15},"end":{"line":4,"column":35}},"4":{"start":{"line":7,"column":0},"end":{"line":70,"column":2}},"5":{"start":{"line":8,"column":2},"end":{"line":69,"column":3}},"6":{"start":{"line":9,"column":35},"end":{"line":9,"column":43}},"7":{"start":{"line":10,"column":4},"end":{"line":10,"column":65}},"8":{"start":{"line":12,"column":4},"end":{"line":17,"column":5}},"9":{"start":{"line":13,"column":6},"end":{"line":13,"column":65}},"10":{"start":{"line":14,"column":6},"end":{"line":16,"column":9}},"11":{"start":{"line":19,"column":17},"end":{"line":19,"column":103}},"12":{"start":{"line":21,"column":4},"end":{"line":26,"column":5}},"13":{"start":{"line":22,"column":6},"end":{"line":22,"column":77}},"14":{"start":{"line":23,"column":6},"end":{"line":25,"column":9}},"15":{"start":{"line":28,"column":20},"end":{"line":28,"column":65}},"16":{"start":{"line":30,"column":4},"end":{"line":35,"column":5}},"17":{"start":{"line":31,"column":6},"end":{"line":31,"column":82}},"18":{"start":{"line":32,"column":6},"end":{"line":34,"column":9}},"19":{"start":{"line":37,"column":4},"end":{"line":42,"column":5}},"20":{"start":{"line":38,"column":6},"end":{"line":38,"column":64}},"21":{"start":{"line":39,"column":6},"end":{"line":41,"column":9}},"22":{"start":{"line":44,"column":18},"end":{"line":53,"column":5}},"23":{"start":{"line":54,"column":4},"end":{"line":54,"column":62}},"24":{"start":{"line":56,"column":4},"end":{"line":64,"column":7}},"25":{"start":{"line":66,"column":4},"end":{"line":66,"column":47}},"26":{"start":{"line":67,"column":4},"end":{"line":67,"column":60}},"27":{"start":{"line":68,"column":4},"end":{"line":68,"column":73}},"28":{"start":{"line":73,"column":0},"end":{"line":86,"column":2}},"29":{"start":{"line":74,"column":2},"end":{"line":85,"column":3}},"30":{"start":{"line":75,"column":17},"end":{"line":75,"column":83}},"31":{"start":{"line":76,"column":4},"end":{"line":78,"column":5}},"32":{"start":{"line":77,"column":6},"end":{"line":77,"column":70}},"33":{"start":{"line":79,"column":4},"end":{"line":79,"column":19}},"34":{"start":{"line":81,"column":4},"end":{"line":81,"column":84}},"35":{"start":{"line":82,"column":4},"end":{"line":84,"column":7}},"36":{"start":{"line":89,"column":0},"end":{"line":126,"column":2}},"37":{"start":{"line":90,"column":2},"end":{"line":125,"column":3}},"38":{"start":{"line":91,"column":45},"end":{"line":91,"column":53}},"39":{"start":{"line":93,"column":4},"end":{"line":97,"column":5}},"40":{"start":{"line":94,"column":6},"end":{"line":96,"column":9}},"41":{"start":{"line":99,"column":17},"end":{"line":99,"column":69}},"42":{"start":{"line":100,"column":4},"end":{"line":104,"column":5}},"43":{"start":{"line":101,"column":6},"end":{"line":103,"column":9}},"44":{"start":{"line":106,"column":20},"end":{"line":106,"column":72}},"45":{"start":{"line":107,"column":4},"end":{"line":111,"column":5}},"46":{"start":{"line":108,"column":6},"end":{"line":110,"column":9}},"47":{"start":{"line":113,"column":4},"end":{"line":113,"column":32}},"48":{"start":{"line":114,"column":4},"end":{"line":114,"column":22}},"49":{"start":{"line":115,"column":4},"end":{"line":115,"column":76}},"50":{"start":{"line":117,"column":4},"end":{"line":119,"column":7}},"51":{"start":{"line":121,"column":4},"end":{"line":121,"column":80}},"52":{"start":{"line":122,"column":4},"end":{"line":124,"column":7}},"53":{"start":{"line":129,"column":0},"end":{"line":148,"column":2}},"54":{"start":{"line":130,"column":2},"end":{"line":147,"column":3}},"55":{"start":{"line":131,"column":16},"end":{"line":131,"column":18}},"56":{"start":{"line":134,"column":4},"end":{"line":138,"column":5}},"57":{"start":{"line":136,"column":26},"end":{"line":136,"column":58}},"58":{"start":{"line":137,"column":6},"end":{"line":137,"column":50}},"59":{"start":{"line":140,"column":18},"end":{"line":140,"column":74}},"60":{"start":{"line":141,"column":4},"end":{"line":141,"column":20}},"61":{"start":{"line":143,"column":4},"end":{"line":143,"column":67}},"62":{"start":{"line":144,"column":4},"end":{"line":146,"column":7}},"63":{"start":{"line":151,"column":0},"end":{"line":223,"column":2}},"64":{"start":{"line":152,"column":2},"end":{"line":222,"column":3}},"65":{"start":{"line":153,"column":54},"end":{"line":153,"column":62}},"66":{"start":{"line":155,"column":4},"end":{"line":159,"column":5}},"67":{"start":{"line":156,"column":6},"end":{"line":158,"column":9}},"68":{"start":{"line":161,"column":25},"end":{"line":161,"column":57}},"69":{"start":{"line":162,"column":4},"end":{"line":166,"column":5}},"70":{"start":{"line":163,"column":6},"end":{"line":165,"column":9}},"71":{"start":{"line":169,"column":24},"end":{"line":169,"column":56}},"72":{"start":{"line":171,"column":4},"end":{"line":187,"column":5}},"73":{"start":{"line":173,"column":6},"end":{"line":177,"column":7}},"74":{"start":{"line":174,"column":8},"end":{"line":176,"column":11}},"75":{"start":{"line":179,"column":6},"end":{"line":179,"column":53}},"76":{"start":{"line":180,"column":11},"end":{"line":187,"column":5}},"77":{"start":{"line":182,"column":6},"end":{"line":186,"column":7}},"78":{"start":{"line":183,"column":9},"end":{"line":185,"column":11}},"79":{"start":{"line":189,"column":17},"end":{"line":194,"column":6}},"80":{"start":{"line":196,"column":4},"end":{"line":196,"column":22}},"81":{"start":{"line":197,"column":4},"end":{"line":197,"column":53}},"82":{"start":{"line":199,"column":15},"end":{"line":199,"column":32}},"83":{"start":{"line":201,"column":23},"end":{"line":201,"column":58}},"84":{"start":{"line":202,"column":4},"end":{"line":205,"column":7}},"85":{"start":{"line":207,"column":4},"end":{"line":210,"column":7}},"86":{"start":{"line":212,"column":4},"end":{"line":212,"column":70}},"87":{"start":{"line":213,"column":4},"end":{"line":218,"column":5}},"88":{"start":{"line":214,"column":6},"end":{"line":217,"column":9}},"89":{"start":{"line":216,"column":58},"end":{"line":216,"column":69}},"90":{"start":{"line":219,"column":4},"end":{"line":221,"column":7}},"91":{"start":{"line":226,"column":0},"end":{"line":271,"column":2}},"92":{"start":{"line":227,"column":2},"end":{"line":270,"column":3}},"93":{"start":{"line":228,"column":54},"end":{"line":228,"column":62}},"94":{"start":{"line":229,"column":19},"end":{"line":229,"column":32}},"95":{"start":{"line":231,"column":17},"end":{"line":231,"column":44}},"96":{"start":{"line":232,"column":4},"end":{"line":236,"column":5}},"97":{"start":{"line":233,"column":6},"end":{"line":235,"column":9}},"98":{"start":{"line":239,"column":4},"end":{"line":239,"column":43}},"99":{"start":{"line":239,"column":18},"end":{"line":239,"column":43}},"100":{"start":{"line":240,"column":4},"end":{"line":240,"column":31}},"101":{"start":{"line":240,"column":14},"end":{"line":240,"column":31}},"102":{"start":{"line":241,"column":4},"end":{"line":241,"column":52}},"103":{"start":{"line":241,"column":21},"end":{"line":241,"column":52}},"104":{"start":{"line":244,"column":4},"end":{"line":247,"column":5}},"105":{"start":{"line":245,"column":6},"end":{"line":245,"column":31}},"106":{"start":{"line":249,"column":4},"end":{"line":249,"column":22}},"107":{"start":{"line":250,"column":4},"end":{"line":250,"column":57}},"108":{"start":{"line":252,"column":15},"end":{"line":252,"column":32}},"109":{"start":{"line":254,"column":4},"end":{"line":259,"column":5}},"110":{"start":{"line":255,"column":8},"end":{"line":258,"column":11}},"111":{"start":{"line":261,"column":4},"end":{"line":264,"column":7}},"112":{"start":{"line":266,"column":4},"end":{"line":266,"column":95}},"113":{"start":{"line":267,"column":4},"end":{"line":269,"column":7}},"114":{"start":{"line":274,"column":0},"end":{"line":325,"column":2}},"115":{"start":{"line":275,"column":2},"end":{"line":324,"column":3}},"116":{"start":{"line":276,"column":19},"end":{"line":276,"column":32}},"117":{"start":{"line":278,"column":17},"end":{"line":278,"column":44}},"118":{"start":{"line":279,"column":4},"end":{"line":283,"column":5}},"119":{"start":{"line":280,"column":6},"end":{"line":282,"column":9}},"120":{"start":{"line":286,"column":24},"end":{"line":286,"column":56}},"121":{"start":{"line":288,"column":4},"end":{"line":295,"column":5}},"122":{"start":{"line":290,"column":6},"end":{"line":294,"column":7}},"123":{"start":{"line":291,"column":8},"end":{"line":293,"column":11}},"124":{"start":{"line":298,"column":4},"end":{"line":305,"column":5}},"125":{"start":{"line":299,"column":30},"end":{"line":299,"column":79}},"126":{"start":{"line":300,"column":6},"end":{"line":304,"column":7}},"127":{"start":{"line":301,"column":8},"end":{"line":303,"column":11}},"128":{"start":{"line":307,"column":4},"end":{"line":307,"column":27}},"129":{"start":{"line":308,"column":4},"end":{"line":308,"column":55}},"130":{"start":{"line":310,"column":15},"end":{"line":310,"column":32}},"131":{"start":{"line":311,"column":4},"end":{"line":314,"column":7}},"132":{"start":{"line":316,"column":4},"end":{"line":318,"column":7}},"133":{"start":{"line":320,"column":4},"end":{"line":320,"column":77}},"134":{"start":{"line":321,"column":4},"end":{"line":323,"column":7}}},"fnMap":{"0":{"name":"(anonymous_0)","decl":{"start":{"line":7,"column":16},"end":{"line":7,"column":17}},"loc":{"start":{"line":7,"column":36},"end":{"line":70,"column":1}},"line":7},"1":{"name":"(anonymous_1)","decl":{"start":{"line":73,"column":25},"end":{"line":73,"column":26}},"loc":{"start":{"line":73,"column":45},"end":{"line":86,"column":1}},"line":73},"2":{"name":"(anonymous_2)","decl":{"start":{"line":89,"column":25},"end":{"line":89,"column":26}},"loc":{"start":{"line":89,"column":45},"end":{"line":126,"column":1}},"line":89},"3":{"name":"(anonymous_3)","decl":{"start":{"line":129,"column":22},"end":{"line":129,"column":23}},"loc":{"start":{"line":129,"column":42},"end":{"line":148,"column":1}},"line":129},"4":{"name":"(anonymous_4)","decl":{"start":{"line":151,"column":21},"end":{"line":151,"column":22}},"loc":{"start":{"line":151,"column":41},"end":{"line":223,"column":1}},"line":151},"5":{"name":"(anonymous_5)","decl":{"start":{"line":216,"column":49},"end":{"line":216,"column":50}},"loc":{"start":{"line":216,"column":58},"end":{"line":216,"column":69}},"line":216},"6":{"name":"(anonymous_6)","decl":{"start":{"line":226,"column":21},"end":{"line":226,"column":22}},"loc":{"start":{"line":226,"column":41},"end":{"line":271,"column":1}},"line":226},"7":{"name":"(anonymous_7)","decl":{"start":{"line":274,"column":21},"end":{"line":274,"column":22}},"loc":{"start":{"line":274,"column":41},"end":{"line":325,"column":1}},"line":274}},"branchMap":{"0":{"loc":{"start":{"line":12,"column":4},"end":{"line":17,"column":5}},"type":"if","locations":[{"start":{"line":12,"column":4},"end":{"line":17,"column":5}},{"start":{},"end":{}}],"line":12},"1":{"loc":{"start":{"line":12,"column":8},"end":{"line":12,"column":30}},"type":"binary-expr","locations":[{"start":{"line":12,"column":8},"end":{"line":12,"column":17}},{"start":{"line":12,"column":21},"end":{"line":12,"column":30}}],"line":12},"2":{"loc":{"start":{"line":21,"column":4},"end":{"line":26,"column":5}},"type":"if","locations":[{"start":{"line":21,"column":4},"end":{"line":26,"column":5}},{"start":{},"end":{}}],"line":21},"3":{"loc":{"start":{"line":30,"column":4},"end":{"line":35,"column":5}},"type":"if","locations":[{"start":{"line":30,"column":4},"end":{"line":35,"column":5}},{"start":{},"end":{}}],"line":30},"4":{"loc":{"start":{"line":37,"column":4},"end":{"line":42,"column":5}},"type":"if","locations":[{"start":{"line":37,"column":4},"end":{"line":42,"column":5}},{"start":{},"end":{}}],"line":37},"5":{"loc":{"start":{"line":49,"column":21},"end":{"line":49,"column":61}},"type":"binary-expr","locations":[{"start":{"line":49,"column":21},"end":{"line":49,"column":41}},{"start":{"line":49,"column":45},"end":{"line":49,"column":61}}],"line":49},"6":{"loc":{"start":{"line":76,"column":4},"end":{"line":78,"column":5}},"type":"if","locations":[{"start":{"line":76,"column":4},"end":{"line":78,"column":5}},{"start":{},"end":{}}],"line":76},"7":{"loc":{"start":{"line":93,"column":4},"end":{"line":97,"column":5}},"type":"if","locations":[{"start":{"line":93,"column":4},"end":{"line":97,"column":5}},{"start":{},"end":{}}],"line":93},"8":{"loc":{"start":{"line":93,"column":8},"end":{"line":93,"column":40}},"type":"binary-expr","locations":[{"start":{"line":93,"column":8},"end":{"line":93,"column":24}},{"start":{"line":93,"column":28},"end":{"line":93,"column":40}}],"line":93},"9":{"loc":{"start":{"line":100,"column":4},"end":{"line":104,"column":5}},"type":"if","locations":[{"start":{"line":100,"column":4},"end":{"line":104,"column":5}},{"start":{},"end":{}}],"line":100},"10":{"loc":{"start":{"line":107,"column":4},"end":{"line":111,"column":5}},"type":"if","locations":[{"start":{"line":107,"column":4},"end":{"line":111,"column":5}},{"start":{},"end":{}}],"line":107},"11":{"loc":{"start":{"line":134,"column":4},"end":{"line":138,"column":5}},"type":"if","locations":[{"start":{"line":134,"column":4},"end":{"line":138,"column":5}},{"start":{},"end":{}}],"line":134},"12":{"loc":{"start":{"line":155,"column":4},"end":{"line":159,"column":5}},"type":"if","locations":[{"start":{"line":155,"column":4},"end":{"line":159,"column":5}},{"start":{},"end":{}}],"line":155},"13":{"loc":{"start":{"line":155,"column":8},"end":{"line":155,"column":39}},"type":"binary-expr","locations":[{"start":{"line":155,"column":8},"end":{"line":155,"column":17}},{"start":{"line":155,"column":21},"end":{"line":155,"column":30}},{"start":{"line":155,"column":34},"end":{"line":155,"column":39}}],"line":155},"14":{"loc":{"start":{"line":162,"column":4},"end":{"line":166,"column":5}},"type":"if","locations":[{"start":{"line":162,"column":4},"end":{"line":166,"column":5}},{"start":{},"end":{}}],"line":162},"15":{"loc":{"start":{"line":171,"column":4},"end":{"line":187,"column":5}},"type":"if","locations":[{"start":{"line":171,"column":4},"end":{"line":187,"column":5}},{"start":{"line":180,"column":11},"end":{"line":187,"column":5}}],"line":171},"16":{"loc":{"start":{"line":173,"column":6},"end":{"line":177,"column":7}},"type":"if","locations":[{"start":{"line":173,"column":6},"end":{"line":177,"column":7}},{"start":{},"end":{}}],"line":173},"17":{"loc":{"start":{"line":180,"column":11},"end":{"line":187,"column":5}},"type":"if","locations":[{"start":{"line":180,"column":11},"end":{"line":187,"column":5}},{"start":{},"end":{}}],"line":180},"18":{"loc":{"start":{"line":182,"column":6},"end":{"line":186,"column":7}},"type":"if","locations":[{"start":{"line":182,"column":6},"end":{"line":186,"column":7}},{"start":{},"end":{}}],"line":182},"19":{"loc":{"start":{"line":182,"column":10},"end":{"line":182,"column":42}},"type":"binary-expr","locations":[{"start":{"line":182,"column":10},"end":{"line":182,"column":22}},{"start":{"line":182,"column":26},"end":{"line":182,"column":42}}],"line":182},"20":{"loc":{"start":{"line":193,"column":19},"end":{"line":193,"column":54}},"type":"binary-expr","locations":[{"start":{"line":193,"column":19},"end":{"line":193,"column":39}},{"start":{"line":193,"column":43},"end":{"line":193,"column":54}}],"line":193},"21":{"loc":{"start":{"line":201,"column":23},"end":{"line":201,"column":58}},"type":"binary-expr","locations":[{"start":{"line":201,"column":23},"end":{"line":201,"column":43}},{"start":{"line":201,"column":47},"end":{"line":201,"column":58}}],"line":201},"22":{"loc":{"start":{"line":213,"column":4},"end":{"line":218,"column":5}},"type":"if","locations":[{"start":{"line":213,"column":4},"end":{"line":218,"column":5}},{"start":{},"end":{}}],"line":213},"23":{"loc":{"start":{"line":232,"column":4},"end":{"line":236,"column":5}},"type":"if","locations":[{"start":{"line":232,"column":4},"end":{"line":236,"column":5}},{"start":{},"end":{}}],"line":232},"24":{"loc":{"start":{"line":239,"column":4},"end":{"line":239,"column":43}},"type":"if","locations":[{"start":{"line":239,"column":4},"end":{"line":239,"column":43}},{"start":{},"end":{}}],"line":239},"25":{"loc":{"start":{"line":240,"column":4},"end":{"line":240,"column":31}},"type":"if","locations":[{"start":{"line":240,"column":4},"end":{"line":240,"column":31}},{"start":{},"end":{}}],"line":240},"26":{"loc":{"start":{"line":241,"column":4},"end":{"line":241,"column":52}},"type":"if","locations":[{"start":{"line":241,"column":4},"end":{"line":241,"column":52}},{"start":{},"end":{}}],"line":241},"27":{"loc":{"start":{"line":244,"column":4},"end":{"line":247,"column":5}},"type":"if","locations":[{"start":{"line":244,"column":4},"end":{"line":247,"column":5}},{"start":{},"end":{}}],"line":244},"28":{"loc":{"start":{"line":244,"column":8},"end":{"line":244,"column":42}},"type":"binary-expr","locations":[{"start":{"line":244,"column":8},"end":{"line":244,"column":16}},{"start":{"line":244,"column":20},"end":{"line":244,"column":42}}],"line":244},"29":{"loc":{"start":{"line":254,"column":4},"end":{"line":259,"column":5}},"type":"if","locations":[{"start":{"line":254,"column":4},"end":{"line":259,"column":5}},{"start":{},"end":{}}],"line":254},"30":{"loc":{"start":{"line":279,"column":4},"end":{"line":283,"column":5}},"type":"if","locations":[{"start":{"line":279,"column":4},"end":{"line":283,"column":5}},{"start":{},"end":{}}],"line":279},"31":{"loc":{"start":{"line":288,"column":4},"end":{"line":295,"column":5}},"type":"if","locations":[{"start":{"line":288,"column":4},"end":{"line":295,"column":5}},{"start":{},"end":{}}],"line":288},"32":{"loc":{"start":{"line":290,"column":6},"end":{"line":294,"column":7}},"type":"if","locations":[{"start":{"line":290,"column":6},"end":{"line":294,"column":7}},{"start":{},"end":{}}],"line":290},"33":{"loc":{"start":{"line":298,"column":4},"end":{"line":305,"column":5}},"type":"if","locations":[{"start":{"line":298,"column":4},"end":{"line":305,"column":5}},{"start":{},"end":{}}],"line":298},"34":{"loc":{"start":{"line":300,"column":6},"end":{"line":304,"column":7}},"type":"if","locations":[{"start":{"line":300,"column":6},"end":{"line":304,"column":7}},{"start":{},"end":{}}],"line":300}},"s":{"0":3,"1":3,"2":3,"3":3,"4":3,"5":12,"6":12,"7":12,"8":12,"9":0,"10":0,"11":12,"12":12,"13":1,"14":1,"15":11,"16":11,"17":1,"18":1,"19":10,"20":0,"21":0,"22":10,"23":10,"24":10,"25":0,"26":0,"27":0,"28":3,"29":1,"30":1,"31":1,"32":0,"33":1,"34":0,"35":0,"36":3,"37":0,"38":0,"39":0,"40":0,"41":0,"42":0,"43":0,"44":0,"45":0,"46":0,"47":0,"48":0,"49":0,"50":0,"51":0,"52":0,"53":3,"54":0,"55":0,"56":0,"57":0,"58":0,"59":0,"60":0,"61":0,"62":0,"63":3,"64":0,"65":0,"66":0,"67":0,"68":0,"69":0,"70":0,"71":0,"72":0,"73":0,"74":0,"75":0,"76":0,"77":0,"78":0,"79":0,"80":0,"81":0,"82":0,"83":0,"84":0,"85":0,"86":0,"87":0,"88":0,"89":0,"90":0,"91":3,"92":0,"93":0,"94":0,"95":0,"96":0,"97":0,"98":0,"99":0,"100":0,"101":0,"102":0,"103":0,"104":0,"105":0,"106":0,"107":0,"108":0,"109":0,"110":0,"111":0,"112":0,"113":0,"114":3,"115":0,"116":0,"117":0,"118":0,"119":0,"120":0,"121":0,"122":0,"123":0,"124":0,"125":0,"126":0,"127":0,"128":0,"129":0,"130":0,"131":0,"132":0,"133":0,"134":0},"f":{"0":12,"1":1,"2":0,"3":0,"4":0,"5":0,"6":0,"7":0},"b":{"0":[0,12],"1":[12,12],"2":[1,11],"3":[1,10],"4":[0,10],"5":[10,0],"6":[0,1],"7":[0,0],"8":[0,0],"9":[0,0],"10":[0,0],"11":[0,0],"12":[0,0],"13":[0,0,0],"14":[0,0],"15":[0,0],"16":[0,0],"17":[0,0],"18":[0,0],"19":[0,0],"20":[0,0],"21":[0,0],"22":[0,0],"23":[0,0],"24":[0,0],"25":[0,0],"26":[0,0],"27":[0,0],"28":[0,0],"29":[0,0],"30":[0,0],"31":[0,0],"32":[0,0],"33":[0,0],"34":[0,0]},"_coverageSchema":"1a1c01bbd47fc00a2c39e90264f33305004495a9","hash":"b7232c05dbf0baf93371b41f03aca0f87ef8ce69"}
,"C:\\Users\\Usuario\\OneDrive\\Development\\Web Development\\control-caducidades\\server\\controllers\\catalogController.js": {"path":"C:\\Users\\Usuario\\OneDrive\\Development\\Web Development\\control-caducidades\\server\\controllers\\catalogController.js","statementMap":{"0":{"start":{"line":1,"column":23},"end":{"line":1,"column":58}},"1":{"start":{"line":2,"column":22},"end":{"line":2,"column":50}},"2":{"start":{"line":3,"column":15},"end":{"line":3,"column":35}},"3":{"start":{"line":4,"column":29},"end":{"line":4,"column":60}},"4":{"start":{"line":7,"column":0},"end":{"line":21,"column":2}},"5":{"start":{"line":8,"column":2},"end":{"line":20,"column":3}},"6":{"start":{"line":9,"column":4},"end":{"line":9,"column":63}},"7":{"start":{"line":10,"column":4},"end":{"line":10,"column":63}},"8":{"start":{"line":11,"column":21},"end":{"line":11,"column":105}},"9":{"start":{"line":12,"column":4},"end":{"line":12,"column":63}},"10":{"start":{"line":13,"column":4},"end":{"line":13,"column":23}},"11":{"start":{"line":15,"column":4},"end":{"line":15,"column":71}},"12":{"start":{"line":16,"column":4},"end":{"line":19,"column":7}},"13":{"start":{"line":24,"column":0},"end":{"line":67,"column":2}},"14":{"start":{"line":25,"column":2},"end":{"line":66,"column":3}},"15":{"start":{"line":26,"column":19},"end":{"line":43,"column":6}},"16":{"start":{"line":27,"column":26},"end":{"line":30,"column":7}},"17":{"start":{"line":31,"column":25},"end":{"line":31,"column":56}},"18":{"start":{"line":32,"column":27},"end":{"line":32,"column":61}},"19":{"start":{"line":34,"column":24},"end":{"line":39,"column":8}},"20":{"start":{"line":40,"column":26},"end":{"line":40,"column":59}},"21":{"start":{"line":42,"column":6},"end":{"line":42,"column":43}},"22":{"start":{"line":45,"column":4},"end":{"line":45,"column":103}},"23":{"start":{"line":47,"column":28},"end":{"line":47,"column":101}},"24":{"start":{"line":49,"column":15},"end":{"line":49,"column":32}},"25":{"start":{"line":50,"column":4},"end":{"line":58,"column":5}},"26":{"start":{"line":51,"column":8},"end":{"line":51,"column":139}},"27":{"start":{"line":52,"column":8},"end":{"line":55,"column":11}},"28":{"start":{"line":57,"column":8},"end":{"line":57,"column":64}},"29":{"start":{"line":60,"column":4},"end":{"line":60,"column":42}},"30":{"start":{"line":62,"column":4},"end":{"line":62,"column":84}},"31":{"start":{"line":63,"column":4},"end":{"line":65,"column":75}},"32":{"start":{"line":69,"column":17},"end":{"line":69,"column":36}},"33":{"start":{"line":72,"column":0},"end":{"line":109,"column":2}},"34":{"start":{"line":73,"column":2},"end":{"line":108,"column":3}},"35":{"start":{"line":74,"column":19},"end":{"line":74,"column":29}},"36":{"start":{"line":76,"column":4},"end":{"line":87,"column":7}},"37":{"start":{"line":77,"column":29},"end":{"line":80,"column":7}},"38":{"start":{"line":82,"column":6},"end":{"line":84,"column":7}},"39":{"start":{"line":83,"column":8},"end":{"line":83,"column":50}},"40":{"start":{"line":86,"column":6},"end":{"line":86,"column":68}},"41":{"start":{"line":89,"column":4},"end":{"line":89,"column":78}},"42":{"start":{"line":91,"column":15},"end":{"line":91,"column":32}},"43":{"start":{"line":92,"column":4},"end":{"line":95,"column":7}},"44":{"start":{"line":97,"column":4},"end":{"line":97,"column":62}},"45":{"start":{"line":99,"column":4},"end":{"line":99,"column":91}},"46":{"start":{"line":101,"column":4},"end":{"line":103,"column":5}},"47":{"start":{"line":102,"column":8},"end":{"line":102,"column":75}},"48":{"start":{"line":105,"column":4},"end":{"line":107,"column":77}},"49":{"start":{"line":112,"column":0},"end":{"line":142,"column":2}},"50":{"start":{"line":113,"column":2},"end":{"line":141,"column":3}},"51":{"start":{"line":114,"column":19},"end":{"line":114,"column":29}},"52":{"start":{"line":115,"column":20},"end":{"line":115,"column":96}},"53":{"start":{"line":117,"column":4},"end":{"line":122,"column":5}},"54":{"start":{"line":118,"column":6},"end":{"line":118,"column":84}},"55":{"start":{"line":119,"column":6},"end":{"line":121,"column":9}},"56":{"start":{"line":124,"column":4},"end":{"line":124,"column":37}},"57":{"start":{"line":125,"column":27},"end":{"line":125,"column":47}},"58":{"start":{"line":126,"column":4},"end":{"line":126,"column":111}},"59":{"start":{"line":128,"column":15},"end":{"line":128,"column":32}},"60":{"start":{"line":129,"column":4},"end":{"line":132,"column":7}},"61":{"start":{"line":134,"column":4},"end":{"line":134,"column":29}},"62":{"start":{"line":136,"column":4},"end":{"line":136,"column":88}},"63":{"start":{"line":137,"column":4},"end":{"line":140,"column":7}},"64":{"start":{"line":145,"column":0},"end":{"line":186,"column":2}},"65":{"start":{"line":146,"column":2},"end":{"line":185,"column":3}},"66":{"start":{"line":147,"column":19},"end":{"line":147,"column":29}},"67":{"start":{"line":148,"column":23},"end":{"line":148,"column":31}},"68":{"start":{"line":150,"column":27},"end":{"line":150,"column":78}},"69":{"start":{"line":151,"column":20},"end":{"line":151,"column":22}},"70":{"start":{"line":153,"column":4},"end":{"line":157,"column":5}},"71":{"start":{"line":154,"column":6},"end":{"line":156,"column":7}},"72":{"start":{"line":155,"column":8},"end":{"line":155,"column":39}},"73":{"start":{"line":159,"column":27},"end":{"line":163,"column":5}},"74":{"start":{"line":165,"column":4},"end":{"line":168,"column":5}},"75":{"start":{"line":166,"column":6},"end":{"line":166,"column":76}},"76":{"start":{"line":167,"column":6},"end":{"line":167,"column":73}},"77":{"start":{"line":170,"column":4},"end":{"line":170,"column":81}},"78":{"start":{"line":172,"column":15},"end":{"line":172,"column":32}},"79":{"start":{"line":173,"column":4},"end":{"line":176,"column":7}},"80":{"start":{"line":178,"column":4},"end":{"line":178,"column":29}},"81":{"start":{"line":180,"column":4},"end":{"line":180,"column":109}},"82":{"start":{"line":181,"column":4},"end":{"line":184,"column":7}}},"fnMap":{"0":{"name":"(anonymous_0)","decl":{"start":{"line":7,"column":25},"end":{"line":7,"column":26}},"loc":{"start":{"line":7,"column":45},"end":{"line":21,"column":1}},"line":7},"1":{"name":"(anonymous_1)","decl":{"start":{"line":24,"column":21},"end":{"line":24,"column":22}},"loc":{"start":{"line":24,"column":41},"end":{"line":67,"column":1}},"line":24},"2":{"name":"(anonymous_2)","decl":{"start":{"line":26,"column":42},"end":{"line":26,"column":43}},"loc":{"start":{"line":26,"column":61},"end":{"line":43,"column":5}},"line":26},"3":{"name":"(anonymous_3)","decl":{"start":{"line":72,"column":24},"end":{"line":72,"column":25}},"loc":{"start":{"line":72,"column":44},"end":{"line":109,"column":1}},"line":72},"4":{"name":"(anonymous_4)","decl":{"start":{"line":76,"column":27},"end":{"line":76,"column":28}},"loc":{"start":{"line":76,"column":46},"end":{"line":87,"column":5}},"line":76},"5":{"name":"(anonymous_5)","decl":{"start":{"line":112,"column":30},"end":{"line":112,"column":31}},"loc":{"start":{"line":112,"column":50},"end":{"line":142,"column":1}},"line":112},"6":{"name":"(anonymous_6)","decl":{"start":{"line":145,"column":24},"end":{"line":145,"column":25}},"loc":{"start":{"line":145,"column":44},"end":{"line":186,"column":1}},"line":145}},"branchMap":{"0":{"loc":{"start":{"line":50,"column":4},"end":{"line":58,"column":5}},"type":"if","locations":[{"start":{"line":50,"column":4},"end":{"line":58,"column":5}},{"start":{"line":56,"column":11},"end":{"line":58,"column":5}}],"line":50},"1":{"loc":{"start":{"line":82,"column":6},"end":{"line":84,"column":7}},"type":"if","locations":[{"start":{"line":82,"column":6},"end":{"line":84,"column":7}},{"start":{},"end":{}}],"line":82},"2":{"loc":{"start":{"line":101,"column":4},"end":{"line":103,"column":5}},"type":"if","locations":[{"start":{"line":101,"column":4},"end":{"line":103,"column":5}},{"start":{},"end":{}}],"line":101},"3":{"loc":{"start":{"line":117,"column":4},"end":{"line":122,"column":5}},"type":"if","locations":[{"start":{"line":117,"column":4},"end":{"line":122,"column":5}},{"start":{},"end":{}}],"line":117},"4":{"loc":{"start":{"line":154,"column":6},"end":{"line":156,"column":7}},"type":"if","locations":[{"start":{"line":154,"column":6},"end":{"line":156,"column":7}},{"start":{},"end":{}}],"line":154},"5":{"loc":{"start":{"line":165,"column":4},"end":{"line":168,"column":5}},"type":"if","locations":[{"start":{"line":165,"column":4},"end":{"line":168,"column":5}},{"start":{},"end":{}}],"line":165}},"s":{"0":2,"1":2,"2":2,"3":2,"4":2,"5":1,"6":1,"7":1,"8":1,"9":1,"10":1,"11":0,"12":0,"13":2,"14":1,"15":1,"16":2,"17":2,"18":2,"19":1,"20":1,"21":1,"22":1,"23":1,"24":1,"25":1,"26":1,"27":1,"28":0,"29":1,"30":0,"31":0,"32":2,"33":2,"34":1,"35":1,"36":1,"37":2,"38":1,"39":0,"40":1,"41":1,"42":1,"43":1,"44":1,"45":0,"46":0,"47":0,"48":0,"49":2,"50":0,"51":0,"52":0,"53":0,"54":0,"55":0,"56":0,"57":0,"58":0,"59":0,"60":0,"61":0,"62":0,"63":0,"64":2,"65":0,"66":0,"67":0,"68":0,"69":0,"70":0,"71":0,"72":0,"73":0,"74":0,"75":0,"76":0,"77":0,"78":0,"79":0,"80":0,"81":0,"82":0},"f":{"0":1,"1":1,"2":2,"3":1,"4":2,"5":0,"6":0},"b":{"0":[1,0],"1":[0,1],"2":[0,0],"3":[0,0],"4":[0,0],"5":[0,0]},"_coverageSchema":"1a1c01bbd47fc00a2c39e90264f33305004495a9","hash":"867377905fe55934ef9efc9a03fdb3538afeaacc"}
,"C:\\Users\\Usuario\\OneDrive\\Development\\Web Development\\control-caducidades\\server\\controllers\\statusController.js": {"path":"C:\\Users\\Usuario\\OneDrive\\Development\\Web Development\\control-caducidades\\server\\controllers\\statusController.js","statementMap":{"0":{"start":{"line":1,"column":35},"end":{"line":1,"column":77}},"1":{"start":{"line":2,"column":22},"end":{"line":2,"column":50}},"2":{"start":{"line":3,"column":15},"end":{"line":3,"column":35}},"3":{"start":{"line":4,"column":22},"end":{"line":4,"column":58}},"4":{"start":{"line":6,"column":0},"end":{"line":45,"column":2}},"5":{"start":{"line":7,"column":2},"end":{"line":44,"column":3}},"6":{"start":{"line":8,"column":21},"end":{"line":8,"column":135}},"7":{"start":{"line":11,"column":26},"end":{"line":11,"column":28}},"8":{"start":{"line":12,"column":22},"end":{"line":12,"column":24}},"9":{"start":{"line":14,"column":4},"end":{"line":20,"column":7}},"10":{"start":{"line":15,"column":6},"end":{"line":19,"column":7}},"11":{"start":{"line":16,"column":8},"end":{"line":16,"column":35}},"12":{"start":{"line":18,"column":8},"end":{"line":18,"column":35}},"13":{"start":{"line":23,"column":4},"end":{"line":29,"column":5}},"14":{"start":{"line":24,"column":6},"end":{"line":24,"column":116}},"15":{"start":{"line":26,"column":6},"end":{"line":28,"column":83}},"16":{"start":{"line":27,"column":20},"end":{"line":27,"column":75}},"17":{"start":{"line":28,"column":22},"end":{"line":28,"column":81}},"18":{"start":{"line":32,"column":4},"end":{"line":36,"column":7}},"19":{"start":{"line":33,"column":20},"end":{"line":33,"column":51}},"20":{"start":{"line":34,"column":20},"end":{"line":34,"column":51}},"21":{"start":{"line":35,"column":6},"end":{"line":35,"column":40}},"22":{"start":{"line":38,"column":4},"end":{"line":38,"column":28}},"23":{"start":{"line":40,"column":4},"end":{"line":40,"column":66}},"24":{"start":{"line":41,"column":4},"end":{"line":43,"column":75}},"25":{"start":{"line":47,"column":0},"end":{"line":88,"column":2}},"26":{"start":{"line":48,"column":2},"end":{"line":87,"column":3}},"27":{"start":{"line":49,"column":23},"end":{"line":49,"column":33}},"28":{"start":{"line":50,"column":21},"end":{"line":53,"column":5}},"29":{"start":{"line":56,"column":26},"end":{"line":56,"column":28}},"30":{"start":{"line":57,"column":22},"end":{"line":57,"column":24}},"31":{"start":{"line":59,"column":4},"end":{"line":65,"column":7}},"32":{"start":{"line":60,"column":6},"end":{"line":64,"column":7}},"33":{"start":{"line":61,"column":8},"end":{"line":61,"column":35}},"34":{"start":{"line":63,"column":8},"end":{"line":63,"column":35}},"35":{"start":{"line":67,"column":4},"end":{"line":72,"column":5}},"36":{"start":{"line":68,"column":6},"end":{"line":68,"column":115}},"37":{"start":{"line":69,"column":6},"end":{"line":71,"column":8}},"38":{"start":{"line":70,"column":8},"end":{"line":70,"column":82}},"39":{"start":{"line":75,"column":4},"end":{"line":79,"column":7}},"40":{"start":{"line":76,"column":22},"end":{"line":76,"column":53}},"41":{"start":{"line":77,"column":22},"end":{"line":77,"column":53}},"42":{"start":{"line":78,"column":8},"end":{"line":78,"column":42}},"43":{"start":{"line":81,"column":4},"end":{"line":81,"column":28}},"44":{"start":{"line":83,"column":4},"end":{"line":83,"column":79}},"45":{"start":{"line":84,"column":4},"end":{"line":86,"column":78}},"46":{"start":{"line":90,"column":0},"end":{"line":176,"column":2}},"47":{"start":{"line":91,"column":2},"end":{"line":175,"column":3}},"48":{"start":{"line":92,"column":27},"end":{"line":92,"column":37}},"49":{"start":{"line":99,"column":8},"end":{"line":99,"column":16}},"50":{"start":{"line":102,"column":25},"end":{"line":107,"column":5}},"51":{"start":{"line":109,"column":24},"end":{"line":109,"column":112}},"52":{"start":{"line":110,"column":18},"end":{"line":110,"column":32}},"53":{"start":{"line":112,"column":4},"end":{"line":117,"column":5}},"54":{"start":{"line":113,"column":6},"end":{"line":116,"column":9}},"55":{"start":{"line":121,"column":4},"end":{"line":121,"column":47}},"56":{"start":{"line":125,"column":28},"end":{"line":131,"column":6}},"57":{"start":{"line":134,"column":4},"end":{"line":134,"column":50}},"58":{"start":{"line":137,"column":4},"end":{"line":137,"column":41}},"59":{"start":{"line":139,"column":24},"end":{"line":139,"column":50}},"60":{"start":{"line":142,"column":28},"end":{"line":144,"column":68}},"61":{"start":{"line":146,"column":4},"end":{"line":146,"column":100}},"62":{"start":{"line":148,"column":15},"end":{"line":148,"column":32}},"63":{"start":{"line":150,"column":4},"end":{"line":155,"column":6}},"64":{"start":{"line":157,"column":4},"end":{"line":157,"column":30}},"65":{"start":{"line":160,"column":4},"end":{"line":160,"column":110}},"66":{"start":{"line":161,"column":4},"end":{"line":170,"column":5}},"67":{"start":{"line":162,"column":31},"end":{"line":165,"column":9}},"68":{"start":{"line":162,"column":71},"end":{"line":165,"column":7}},"69":{"start":{"line":166,"column":6},"end":{"line":169,"column":9}},"70":{"start":{"line":171,"column":4},"end":{"line":174,"column":7}},"71":{"start":{"line":178,"column":0},"end":{"line":206,"column":2}},"72":{"start":{"line":179,"column":2},"end":{"line":205,"column":3}},"73":{"start":{"line":180,"column":27},"end":{"line":180,"column":37}},"74":{"start":{"line":181,"column":26},"end":{"line":184,"column":57}},"75":{"start":{"line":186,"column":4},"end":{"line":196,"column":5}},"76":{"start":{"line":187,"column":6},"end":{"line":187,"column":66}},"77":{"start":{"line":188,"column":17},"end":{"line":188,"column":34}},"78":{"start":{"line":190,"column":6},"end":{"line":195,"column":8}},"79":{"start":{"line":198,"column":4},"end":{"line":201,"column":7}},"80":{"start":{"line":203,"column":4},"end":{"line":203,"column":92}},"81":{"start":{"line":204,"column":4},"end":{"line":204,"column":69}}},"fnMap":{"0":{"name":"(anonymous_0)","decl":{"start":{"line":6,"column":23},"end":{"line":6,"column":24}},"loc":{"start":{"line":6,"column":43},"end":{"line":45,"column":1}},"line":6},"1":{"name":"(anonymous_1)","decl":{"start":{"line":14,"column":21},"end":{"line":14,"column":22}},"loc":{"start":{"line":14,"column":31},"end":{"line":20,"column":5}},"line":14},"2":{"name":"(anonymous_2)","decl":{"start":{"line":27,"column":14},"end":{"line":27,"column":15}},"loc":{"start":{"line":27,"column":20},"end":{"line":27,"column":75}},"line":27},"3":{"name":"(anonymous_3)","decl":{"start":{"line":28,"column":15},"end":{"line":28,"column":16}},"loc":{"start":{"line":28,"column":22},"end":{"line":28,"column":81}},"line":28},"4":{"name":"(anonymous_4)","decl":{"start":{"line":32,"column":23},"end":{"line":32,"column":24}},"loc":{"start":{"line":32,"column":33},"end":{"line":36,"column":5}},"line":32},"5":{"name":"(anonymous_5)","decl":{"start":{"line":47,"column":22},"end":{"line":47,"column":23}},"loc":{"start":{"line":47,"column":42},"end":{"line":88,"column":1}},"line":47},"6":{"name":"(anonymous_6)","decl":{"start":{"line":59,"column":21},"end":{"line":59,"column":22}},"loc":{"start":{"line":59,"column":31},"end":{"line":65,"column":5}},"line":59},"7":{"name":"(anonymous_7)","decl":{"start":{"line":69,"column":66},"end":{"line":69,"column":67}},"loc":{"start":{"line":70,"column":8},"end":{"line":70,"column":82}},"line":70},"8":{"name":"(anonymous_8)","decl":{"start":{"line":75,"column":23},"end":{"line":75,"column":24}},"loc":{"start":{"line":75,"column":33},"end":{"line":79,"column":5}},"line":75},"9":{"name":"(anonymous_9)","decl":{"start":{"line":90,"column":23},"end":{"line":90,"column":24}},"loc":{"start":{"line":90,"column":43},"end":{"line":176,"column":1}},"line":90},"10":{"name":"(anonymous_10)","decl":{"start":{"line":162,"column":61},"end":{"line":162,"column":62}},"loc":{"start":{"line":162,"column":71},"end":{"line":165,"column":7}},"line":162},"11":{"name":"(anonymous_11)","decl":{"start":{"line":178,"column":23},"end":{"line":178,"column":24}},"loc":{"start":{"line":178,"column":43},"end":{"line":206,"column":1}},"line":178}},"branchMap":{"0":{"loc":{"start":{"line":15,"column":6},"end":{"line":19,"column":7}},"type":"if","locations":[{"start":{"line":15,"column":6},"end":{"line":19,"column":7}},{"start":{"line":17,"column":13},"end":{"line":19,"column":7}}],"line":15},"1":{"loc":{"start":{"line":23,"column":4},"end":{"line":29,"column":5}},"type":"if","locations":[{"start":{"line":23,"column":4},"end":{"line":29,"column":5}},{"start":{},"end":{}}],"line":23},"2":{"loc":{"start":{"line":60,"column":6},"end":{"line":64,"column":7}},"type":"if","locations":[{"start":{"line":60,"column":6},"end":{"line":64,"column":7}},{"start":{"line":62,"column":13},"end":{"line":64,"column":7}}],"line":60},"3":{"loc":{"start":{"line":67,"column":4},"end":{"line":72,"column":5}},"type":"if","locations":[{"start":{"line":67,"column":4},"end":{"line":72,"column":5}},{"start":{},"end":{}}],"line":67},"4":{"loc":{"start":{"line":97,"column":6},"end":{"line":97,"column":24}},"type":"default-arg","locations":[{"start":{"line":97,"column":22},"end":{"line":97,"column":24}}],"line":97},"5":{"loc":{"start":{"line":112,"column":4},"end":{"line":117,"column":5}},"type":"if","locations":[{"start":{"line":112,"column":4},"end":{"line":117,"column":5}},{"start":{},"end":{}}],"line":112},"6":{"loc":{"start":{"line":153,"column":6},"end":{"line":153,"column":33}},"type":"cond-expr","locations":[{"start":{"line":153,"column":14},"end":{"line":153,"column":22}},{"start":{"line":153,"column":25},"end":{"line":153,"column":33}}],"line":153},"7":{"loc":{"start":{"line":161,"column":4},"end":{"line":170,"column":5}},"type":"if","locations":[{"start":{"line":161,"column":4},"end":{"line":170,"column":5}},{"start":{},"end":{}}],"line":161},"8":{"loc":{"start":{"line":186,"column":4},"end":{"line":196,"column":5}},"type":"if","locations":[{"start":{"line":186,"column":4},"end":{"line":196,"column":5}},{"start":{},"end":{}}],"line":186},"9":{"loc":{"start":{"line":200,"column":15},"end":{"line":200,"column":60}},"type":"cond-expr","locations":[{"start":{"line":200,"column":31},"end":{"line":200,"column":53}},{"start":{"line":200,"column":56},"end":{"line":200,"column":60}}],"line":200}},"s":{"0":1,"1":1,"2":1,"3":1,"4":1,"5":1,"6":1,"7":1,"8":1,"9":1,"10":1,"11":1,"12":0,"13":1,"14":0,"15":0,"16":0,"17":0,"18":1,"19":0,"20":0,"21":0,"22":1,"23":0,"24":0,"25":1,"26":0,"27":0,"28":0,"29":0,"30":0,"31":0,"32":0,"33":0,"34":0,"35":0,"36":0,"37":0,"38":0,"39":0,"40":0,"41":0,"42":0,"43":0,"44":0,"45":0,"46":1,"47":3,"48":3,"49":3,"50":3,"51":3,"52":3,"53":3,"54":2,"55":3,"56":3,"57":3,"58":3,"59":3,"60":3,"61":3,"62":3,"63":3,"64":3,"65":0,"66":0,"67":0,"68":0,"69":0,"70":0,"71":1,"72":0,"73":0,"74":0,"75":0,"76":0,"77":0,"78":0,"79":0,"80":0,"81":0},"f":{"0":1,"1":1,"2":0,"3":0,"4":0,"5":0,"6":0,"7":0,"8":0,"9":3,"10":0,"11":0},"b":{"0":[1,0],"1":[0,1],"2":[0,0],"3":[0,0],"4":[3],"5":[2,1],"6":[2,1],"7":[0,0],"8":[0,0],"9":[0,0]},"_coverageSchema":"1a1c01bbd47fc00a2c39e90264f33305004495a9","hash":"08da161baa064fc55213cfc2461a8ec0e9eabc9f"}
,"C:\\Users\\Usuario\\OneDrive\\Development\\Web Development\\control-caducidades\\server\\middleware\\auth.js": {"path":"C:\\Users\\Usuario\\OneDrive\\Development\\Web Development\\control-caducidades\\server\\middleware\\auth.js","statementMap":{"0":{"start":{"line":1,"column":12},"end":{"line":1,"column":35}},"1":{"start":{"line":2,"column":22},"end":{"line":2,"column":37}},"2":{"start":{"line":3,"column":13},"end":{"line":3,"column":38}},"3":{"start":{"line":4,"column":15},"end":{"line":4,"column":35}},"4":{"start":{"line":7,"column":0},"end":{"line":45,"column":2}},"5":{"start":{"line":8,"column":2},"end":{"line":44,"column":3}},"6":{"start":{"line":9,"column":23},"end":{"line":9,"column":48}},"7":{"start":{"line":10,"column":18},"end":{"line":10,"column":43}},"8":{"start":{"line":12,"column":4},"end":{"line":17,"column":5}},"9":{"start":{"line":13,"column":6},"end":{"line":13,"column":49}},"10":{"start":{"line":14,"column":6},"end":{"line":16,"column":9}},"11":{"start":{"line":19,"column":20},"end":{"line":19,"column":78}},"12":{"start":{"line":22,"column":24},"end":{"line":22,"column":55}},"13":{"start":{"line":23,"column":4},"end":{"line":27,"column":5}},"14":{"start":{"line":24,"column":6},"end":{"line":26,"column":9}},"15":{"start":{"line":30,"column":4},"end":{"line":30,"column":27}},"16":{"start":{"line":31,"column":4},"end":{"line":31,"column":11}},"17":{"start":{"line":33,"column":4},"end":{"line":33,"column":55}},"18":{"start":{"line":35,"column":4},"end":{"line":39,"column":5}},"19":{"start":{"line":36,"column":6},"end":{"line":38,"column":9}},"20":{"start":{"line":41,"column":4},"end":{"line":43,"column":7}},"21":{"start":{"line":48,"column":0},"end":{"line":64,"column":2}},"22":{"start":{"line":49,"column":2},"end":{"line":54,"column":3}},"23":{"start":{"line":50,"column":4},"end":{"line":50,"column":65}},"24":{"start":{"line":51,"column":4},"end":{"line":53,"column":7}},"25":{"start":{"line":56,"column":2},"end":{"line":61,"column":3}},"26":{"start":{"line":57,"column":4},"end":{"line":57,"column":81}},"27":{"start":{"line":58,"column":4},"end":{"line":60,"column":7}},"28":{"start":{"line":63,"column":2},"end":{"line":63,"column":9}},"29":{"start":{"line":67,"column":0},"end":{"line":83,"column":2}},"30":{"start":{"line":68,"column":2},"end":{"line":73,"column":3}},"31":{"start":{"line":69,"column":4},"end":{"line":69,"column":60}},"32":{"start":{"line":70,"column":4},"end":{"line":72,"column":7}},"33":{"start":{"line":75,"column":2},"end":{"line":80,"column":3}},"34":{"start":{"line":76,"column":4},"end":{"line":76,"column":76}},"35":{"start":{"line":77,"column":4},"end":{"line":79,"column":7}},"36":{"start":{"line":82,"column":2},"end":{"line":82,"column":9}}},"fnMap":{"0":{"name":"(anonymous_0)","decl":{"start":{"line":7,"column":22},"end":{"line":7,"column":23}},"loc":{"start":{"line":7,"column":48},"end":{"line":45,"column":1}},"line":7},"1":{"name":"(anonymous_1)","decl":{"start":{"line":48,"column":23},"end":{"line":48,"column":24}},"loc":{"start":{"line":48,"column":43},"end":{"line":64,"column":1}},"line":48},"2":{"name":"(anonymous_2)","decl":{"start":{"line":67,"column":18},"end":{"line":67,"column":19}},"loc":{"start":{"line":67,"column":38},"end":{"line":83,"column":1}},"line":67}},"branchMap":{"0":{"loc":{"start":{"line":12,"column":4},"end":{"line":17,"column":5}},"type":"if","locations":[{"start":{"line":12,"column":4},"end":{"line":17,"column":5}},{"start":{},"end":{}}],"line":12},"1":{"loc":{"start":{"line":23,"column":4},"end":{"line":27,"column":5}},"type":"if","locations":[{"start":{"line":23,"column":4},"end":{"line":27,"column":5}},{"start":{},"end":{}}],"line":23},"2":{"loc":{"start":{"line":35,"column":4},"end":{"line":39,"column":5}},"type":"if","locations":[{"start":{"line":35,"column":4},"end":{"line":39,"column":5}},{"start":{},"end":{}}],"line":35},"3":{"loc":{"start":{"line":49,"column":2},"end":{"line":54,"column":3}},"type":"if","locations":[{"start":{"line":49,"column":2},"end":{"line":54,"column":3}},{"start":{},"end":{}}],"line":49},"4":{"loc":{"start":{"line":56,"column":2},"end":{"line":61,"column":3}},"type":"if","locations":[{"start":{"line":56,"column":2},"end":{"line":61,"column":3}},{"start":{},"end":{}}],"line":56},"5":{"loc":{"start":{"line":56,"column":6},"end":{"line":56,"column":65}},"type":"binary-expr","locations":[{"start":{"line":56,"column":6},"end":{"line":56,"column":36}},{"start":{"line":56,"column":40},"end":{"line":56,"column":65}}],"line":56},"6":{"loc":{"start":{"line":68,"column":2},"end":{"line":73,"column":3}},"type":"if","locations":[{"start":{"line":68,"column":2},"end":{"line":73,"column":3}},{"start":{},"end":{}}],"line":68},"7":{"loc":{"start":{"line":75,"column":2},"end":{"line":80,"column":3}},"type":"if","locations":[{"start":{"line":75,"column":2},"end":{"line":80,"column":3}},{"start":{},"end":{}}],"line":75}},"s":{"0":3,"1":3,"2":3,"3":3,"4":3,"5":11,"6":11,"7":11,"8":11,"9":3,"10":3,"11":8,"12":8,"13":8,"14":0,"15":8,"16":8,"17":0,"18":0,"19":0,"20":0,"21":3,"22":2,"23":0,"24":0,"25":2,"26":0,"27":0,"28":2,"29":3,"30":0,"31":0,"32":0,"33":0,"34":0,"35":0,"36":0},"f":{"0":11,"1":2,"2":0},"b":{"0":[3,8],"1":[0,8],"2":[0,0],"3":[0,2],"4":[0,2],"5":[2,0],"6":[0,0],"7":[0,0]},"_coverageSchema":"1a1c01bbd47fc00a2c39e90264f33305004495a9","hash":"131f69e55ac96e44f55db1f04e7a3cd19d38b926"}
,"C:\\Users\\Usuario\\OneDrive\\Development\\Web Development\\control-caducidades\\server\\models\\CatalogProduct.js": {"path":"C:\\Users\\Usuario\\OneDrive\\Development\\Web Development\\control-caducidades\\server\\models\\CatalogProduct.js","statementMap":{"0":{"start":{"line":1,"column":17},"end":{"line":1,"column":36}},"1":{"start":{"line":3,"column":29},"end":{"line":31,"column":1}},"2":{"start":{"line":34,"column":0},"end":{"line":34,"column":47}},"3":{"start":{"line":35,"column":0},"end":{"line":35,"column":58}},"4":{"start":{"line":37,"column":0},"end":{"line":37,"column":72}}},"fnMap":{},"branchMap":{},"s":{"0":2,"1":2,"2":2,"3":2,"4":2},"f":{},"b":{},"_coverageSchema":"1a1c01bbd47fc00a2c39e90264f33305004495a9","hash":"600a4bbb490ed17cff8ef182d9156125446a6c62"}
,"C:\\Users\\Usuario\\OneDrive\\Development\\Web Development\\control-caducidades\\server\\models\\Product.js": {"path":"C:\\Users\\Usuario\\OneDrive\\Development\\Web Development\\control-caducidades\\server\\models\\Product.js","statementMap":{"0":{"start":{"line":1,"column":17},"end":{"line":1,"column":36}},"1":{"start":{"line":3,"column":28},"end":{"line":61,"column":1}},"2":{"start":{"line":64,"column":0},"end":{"line":64,"column":46}},"3":{"start":{"line":65,"column":0},"end":{"line":65,"column":57}},"4":{"start":{"line":66,"column":0},"end":{"line":66,"column":77}},"5":{"start":{"line":69,"column":0},"end":{"line":69,"column":70}}},"fnMap":{},"branchMap":{},"s":{"0":2,"1":2,"2":2,"3":2,"4":2,"5":2},"f":{},"b":{},"_coverageSchema":"1a1c01bbd47fc00a2c39e90264f33305004495a9","hash":"e5053444b2246794292870fb8671873035ad0bcc"}
,"C:\\Users\\Usuario\\OneDrive\\Development\\Web Development\\control-caducidades\\server\\models\\Restaurant.js": {"path":"C:\\Users\\Usuario\\OneDrive\\Development\\Web Development\\control-caducidades\\server\\models\\Restaurant.js","statementMap":{"0":{"start":{"line":1,"column":17},"end":{"line":1,"column":36}},"1":{"start":{"line":3,"column":25},"end":{"line":22,"column":1}},"2":{"start":{"line":24,"column":0},"end":{"line":24,"column":64}}},"fnMap":{},"branchMap":{},"s":{"0":3,"1":3,"2":3},"f":{},"b":{},"_coverageSchema":"1a1c01bbd47fc00a2c39e90264f33305004495a9","hash":"46e962748a7f758fdb620ef44c38766b76e51f19"}
,"C:\\Users\\Usuario\\OneDrive\\Development\\Web Development\\control-caducidades\\server\\models\\User.js": {"path":"C:\\Users\\Usuario\\OneDrive\\Development\\Web Development\\control-caducidades\\server\\models\\User.js","statementMap":{"0":{"start":{"line":1,"column":17},"end":{"line":1,"column":36}},"1":{"start":{"line":2,"column":15},"end":{"line":2,"column":34}},"2":{"start":{"line":3,"column":15},"end":{"line":3,"column":35}},"3":{"start":{"line":5,"column":19},"end":{"line":48,"column":1}},"4":{"start":{"line":19,"column":10},"end":{"line":19,"column":44}},"5":{"start":{"line":51,"column":0},"end":{"line":51,"column":37}},"6":{"start":{"line":54,"column":0},"end":{"line":67,"column":3}},"7":{"start":{"line":55,"column":2},"end":{"line":57,"column":3}},"8":{"start":{"line":56,"column":4},"end":{"line":56,"column":18}},"9":{"start":{"line":59,"column":2},"end":{"line":66,"column":3}},"10":{"start":{"line":60,"column":17},"end":{"line":60,"column":41}},"11":{"start":{"line":61,"column":4},"end":{"line":61,"column":59}},"12":{"start":{"line":62,"column":4},"end":{"line":62,"column":11}},"13":{"start":{"line":64,"column":4},"end":{"line":64,"column":80}},"14":{"start":{"line":65,"column":4},"end":{"line":65,"column":16}},"15":{"start":{"line":70,"column":0},"end":{"line":77,"column":2}},"16":{"start":{"line":71,"column":2},"end":{"line":76,"column":3}},"17":{"start":{"line":72,"column":4},"end":{"line":72,"column":66}},"18":{"start":{"line":74,"column":4},"end":{"line":74,"column":79}},"19":{"start":{"line":75,"column":4},"end":{"line":75,"column":53}},"20":{"start":{"line":80,"column":0},"end":{"line":85,"column":2}},"21":{"start":{"line":81,"column":15},"end":{"line":81,"column":30}},"22":{"start":{"line":82,"column":2},"end":{"line":82,"column":23}},"23":{"start":{"line":83,"column":2},"end":{"line":83,"column":18}},"24":{"start":{"line":84,"column":2},"end":{"line":84,"column":14}},"25":{"start":{"line":87,"column":0},"end":{"line":87,"column":58}},"26":{"start":{"line":89,"column":0},"end":{"line":89,"column":52}}},"fnMap":{"0":{"name":"(anonymous_0)","decl":{"start":{"line":18,"column":19},"end":{"line":18,"column":20}},"loc":{"start":{"line":18,"column":32},"end":{"line":20,"column":9}},"line":18},"1":{"name":"(anonymous_1)","decl":{"start":{"line":54,"column":23},"end":{"line":54,"column":24}},"loc":{"start":{"line":54,"column":45},"end":{"line":67,"column":1}},"line":54},"2":{"name":"(anonymous_2)","decl":{"start":{"line":70,"column":37},"end":{"line":70,"column":38}},"loc":{"start":{"line":70,"column":72},"end":{"line":77,"column":1}},"line":70},"3":{"name":"(anonymous_3)","decl":{"start":{"line":80,"column":28},"end":{"line":80,"column":29}},"loc":{"start":{"line":80,"column":40},"end":{"line":85,"column":1}},"line":80}},"branchMap":{"0":{"loc":{"start":{"line":55,"column":2},"end":{"line":57,"column":3}},"type":"if","locations":[{"start":{"line":55,"column":2},"end":{"line":57,"column":3}},{"start":{},"end":{}}],"line":55}},"s":{"0":3,"1":3,"2":3,"3":3,"4":11,"5":3,"6":3,"7":11,"8":0,"9":11,"10":11,"11":11,"12":11,"13":0,"14":0,"15":3,"16":0,"17":0,"18":0,"19":0,"20":3,"21":1,"22":1,"23":1,"24":1,"25":3,"26":3},"f":{"0":11,"1":11,"2":0,"3":1},"b":{"0":[0,11]},"_coverageSchema":"1a1c01bbd47fc00a2c39e90264f33305004495a9","hash":"75c5ecd34db46f77a88dcac28e3c584ec266b83f"}
,"C:\\Users\\Usuario\\OneDrive\\Development\\Web Development\\control-caducidades\\server\\routes\\authRoutes.js": {"path":"C:\\Users\\Usuario\\OneDrive\\Development\\Web Development\\control-caducidades\\server\\routes\\authRoutes.js","statementMap":{"0":{"start":{"line":1,"column":16},"end":{"line":1,"column":34}},"1":{"start":{"line":2,"column":15},"end":{"line":2,"column":31}},"2":{"start":{"line":3,"column":23},"end":{"line":3,"column":63}},"3":{"start":{"line":4,"column":38},"end":{"line":4,"column":67}},"4":{"start":{"line":7,"column":0},"end":{"line":9,"column":3}},"5":{"start":{"line":8,"column":2},"end":{"line":8,"column":41}},"6":{"start":{"line":12,"column":0},"end":{"line":12,"column":44}},"7":{"start":{"line":15,"column":0},"end":{"line":15,"column":24}},"8":{"start":{"line":18,"column":0},"end":{"line":18,"column":49}},"9":{"start":{"line":19,"column":0},"end":{"line":19,"column":62}},"10":{"start":{"line":22,"column":0},"end":{"line":22,"column":63}},"11":{"start":{"line":23,"column":0},"end":{"line":23,"column":63}},"12":{"start":{"line":24,"column":0},"end":{"line":24,"column":66}},"13":{"start":{"line":25,"column":0},"end":{"line":25,"column":69}},"14":{"start":{"line":27,"column":0},"end":{"line":27,"column":24}}},"fnMap":{"0":{"name":"(anonymous_0)","decl":{"start":{"line":7,"column":22},"end":{"line":7,"column":23}},"loc":{"start":{"line":7,"column":36},"end":{"line":9,"column":1}},"line":7}},"branchMap":{},"s":{"0":3,"1":3,"2":3,"3":3,"4":3,"5":0,"6":3,"7":3,"8":3,"9":3,"10":3,"11":3,"12":3,"13":3,"14":3},"f":{"0":0},"b":{},"_coverageSchema":"1a1c01bbd47fc00a2c39e90264f33305004495a9","hash":"dbcaa5d477f55a4f5cc1a8f9545cbeaf36d77a4a"}
,"C:\\Users\\Usuario\\OneDrive\\Development\\Web Development\\control-caducidades\\server\\routes\\catalogRoutes.js": {"path":"C:\\Users\\Usuario\\OneDrive\\Development\\Web Development\\control-caducidades\\server\\routes\\catalogRoutes.js","statementMap":{"0":{"start":{"line":1,"column":16},"end":{"line":1,"column":34}},"1":{"start":{"line":2,"column":15},"end":{"line":2,"column":31}},"2":{"start":{"line":3,"column":26},"end":{"line":3,"column":69}},"3":{"start":{"line":4,"column":38},"end":{"line":4,"column":67}},"4":{"start":{"line":7,"column":0},"end":{"line":7,"column":24}},"5":{"start":{"line":10,"column":0},"end":{"line":10,"column":50}},"6":{"start":{"line":13,"column":0},"end":{"line":13,"column":61}},"7":{"start":{"line":14,"column":0},"end":{"line":14,"column":66}},"8":{"start":{"line":15,"column":0},"end":{"line":15,"column":69}},"9":{"start":{"line":16,"column":0},"end":{"line":16,"column":79}},"10":{"start":{"line":18,"column":0},"end":{"line":18,"column":24}}},"fnMap":{},"branchMap":{},"s":{"0":2,"1":2,"2":2,"3":2,"4":2,"5":2,"6":2,"7":2,"8":2,"9":2,"10":2},"f":{},"b":{},"_coverageSchema":"1a1c01bbd47fc00a2c39e90264f33305004495a9","hash":"ef65f938b2c1c349839925ac2a057968a8a5a6d2"}
,"C:\\Users\\Usuario\\OneDrive\\Development\\Web Development\\control-caducidades\\server\\routes\\statusRoutes.js": {"path":"C:\\Users\\Usuario\\OneDrive\\Development\\Web Development\\control-caducidades\\server\\routes\\statusRoutes.js","statementMap":{"0":{"start":{"line":1,"column":16},"end":{"line":1,"column":34}},"1":{"start":{"line":2,"column":15},"end":{"line":2,"column":31}},"2":{"start":{"line":3,"column":25},"end":{"line":3,"column":67}},"3":{"start":{"line":4,"column":24},"end":{"line":4,"column":53}},"4":{"start":{"line":7,"column":0},"end":{"line":7,"column":24}},"5":{"start":{"line":10,"column":0},"end":{"line":10,"column":47}},"6":{"start":{"line":11,"column":0},"end":{"line":11,"column":60}},"7":{"start":{"line":12,"column":0},"end":{"line":12,"column":58}},"8":{"start":{"line":13,"column":0},"end":{"line":13,"column":61}},"9":{"start":{"line":15,"column":0},"end":{"line":15,"column":24}}},"fnMap":{},"branchMap":{},"s":{"0":1,"1":1,"2":1,"3":1,"4":1,"5":1,"6":1,"7":1,"8":1,"9":1},"f":{},"b":{},"_coverageSchema":"1a1c01bbd47fc00a2c39e90264f33305004495a9","hash":"f34af810f3632a2d53cf5eedbeaf5a260f7d9384"}
,"C:\\Users\\Usuario\\OneDrive\\Development\\Web Development\\control-caducidades\\server\\services\\productStateService.js": {"path":"C:\\Users\\Usuario\\OneDrive\\Development\\Web Development\\control-caducidades\\server\\services\\productStateService.js","statementMap":{"0":{"start":{"line":6,"column":31},"end":{"line":58,"column":1}},"1":{"start":{"line":7,"column":83},"end":{"line":7,"column":94}},"2":{"start":{"line":10,"column":17},"end":{"line":14,"column":3}},"3":{"start":{"line":17,"column":2},"end":{"line":19,"column":3}},"4":{"start":{"line":18,"column":4},"end":{"line":18,"column":18}},"5":{"start":{"line":22,"column":2},"end":{"line":25,"column":3}},"6":{"start":{"line":23,"column":4},"end":{"line":23,"column":35}},"7":{"start":{"line":24,"column":4},"end":{"line":24,"column":18}},"8":{"start":{"line":28,"column":20},"end":{"line":28,"column":62}},"9":{"start":{"line":29,"column":22},"end":{"line":29,"column":65}},"10":{"start":{"line":32,"column":2},"end":{"line":35,"column":3}},"11":{"start":{"line":33,"column":4},"end":{"line":33,"column":36}},"12":{"start":{"line":34,"column":4},"end":{"line":34,"column":18}},"13":{"start":{"line":38,"column":2},"end":{"line":55,"column":3}},"14":{"start":{"line":39,"column":25},"end":{"line":39,"column":66}},"15":{"start":{"line":42,"column":4},"end":{"line":54,"column":5}},"16":{"start":{"line":43,"column":6},"end":{"line":43,"column":38}},"17":{"start":{"line":44,"column":6},"end":{"line":44,"column":30}},"18":{"start":{"line":47,"column":9},"end":{"line":54,"column":5}},"19":{"start":{"line":48,"column":6},"end":{"line":48,"column":39}},"20":{"start":{"line":49,"column":6},"end":{"line":49,"column":39}},"21":{"start":{"line":53,"column":6},"end":{"line":53,"column":39}},"22":{"start":{"line":57,"column":2},"end":{"line":57,"column":16}},"23":{"start":{"line":60,"column":0},"end":{"line":60,"column":44}}},"fnMap":{"0":{"name":"(anonymous_0)","decl":{"start":{"line":6,"column":31},"end":{"line":6,"column":32}},"loc":{"start":{"line":6,"column":48},"end":{"line":58,"column":1}},"line":6}},"branchMap":{"0":{"loc":{"start":{"line":11,"column":12},"end":{"line":11,"column":44}},"type":"binary-expr","locations":[{"start":{"line":11,"column":12},"end":{"line":11,"column":24}},{"start":{"line":11,"column":28},"end":{"line":11,"column":44}}],"line":11},"1":{"loc":{"start":{"line":17,"column":2},"end":{"line":19,"column":3}},"type":"if","locations":[{"start":{"line":17,"column":2},"end":{"line":19,"column":3}},{"start":{},"end":{}}],"line":17},"2":{"loc":{"start":{"line":17,"column":6},"end":{"line":17,"column":73}},"type":"binary-expr","locations":[{"start":{"line":17,"column":6},"end":{"line":17,"column":40}},{"start":{"line":17,"column":44},"end":{"line":17,"column":56}},{"start":{"line":17,"column":60},"end":{"line":17,"column":73}}],"line":17},"3":{"loc":{"start":{"line":22,"column":2},"end":{"line":25,"column":3}},"type":"if","locations":[{"start":{"line":22,"column":2},"end":{"line":25,"column":3}},{"start":{},"end":{}}],"line":22},"4":{"loc":{"start":{"line":32,"column":2},"end":{"line":35,"column":3}},"type":"if","locations":[{"start":{"line":32,"column":2},"end":{"line":35,"column":3}},{"start":{},"end":{}}],"line":32},"5":{"loc":{"start":{"line":38,"column":2},"end":{"line":55,"column":3}},"type":"if","locations":[{"start":{"line":38,"column":2},"end":{"line":55,"column":3}},{"start":{},"end":{}}],"line":38},"6":{"loc":{"start":{"line":39,"column":25},"end":{"line":39,"column":66}},"type":"binary-expr","locations":[{"start":{"line":39,"column":25},"end":{"line":39,"column":38}},{"start":{"line":39,"column":42},"end":{"line":39,"column":66}}],"line":39},"7":{"loc":{"start":{"line":42,"column":4},"end":{"line":54,"column":5}},"type":"if","locations":[{"start":{"line":42,"column":4},"end":{"line":54,"column":5}},{"start":{"line":47,"column":9},"end":{"line":54,"column":5}}],"line":42},"8":{"loc":{"start":{"line":42,"column":8},"end":{"line":42,"column":43}},"type":"binary-expr","locations":[{"start":{"line":42,"column":8},"end":{"line":42,"column":26}},{"start":{"line":42,"column":30},"end":{"line":42,"column":43}}],"line":42},"9":{"loc":{"start":{"line":47,"column":9},"end":{"line":54,"column":5}},"type":"if","locations":[{"start":{"line":47,"column":9},"end":{"line":54,"column":5}},{"start":{"line":52,"column":9},"end":{"line":54,"column":5}}],"line":47},"10":{"loc":{"start":{"line":47,"column":13},"end":{"line":47,"column":47}},"type":"binary-expr","locations":[{"start":{"line":47,"column":13},"end":{"line":47,"column":31}},{"start":{"line":47,"column":35},"end":{"line":47,"column":47}}],"line":47}},"s":{"0":1,"1":3,"2":3,"3":3,"4":1,"5":2,"6":2,"7":2,"8":0,"9":0,"10":0,"11":0,"12":0,"13":0,"14":0,"15":0,"16":0,"17":0,"18":0,"19":0,"20":0,"21":0,"22":0,"23":1},"f":{"0":3},"b":{"0":[3,0],"1":[1,2],"2":[3,3,1],"3":[2,0],"4":[0,0],"5":[0,0],"6":[0,0],"7":[0,0],"8":[0,0],"9":[0,0],"10":[0,0]},"_coverageSchema":"1a1c01bbd47fc00a2c39e90264f33305004495a9","hash":"35085f43e78fefeb4d49f57ca4c74de4c8c4b6a8"}
,"C:\\Users\\Usuario\\OneDrive\\Development\\Web Development\\control-caducidades\\server\\services\\socketService.js": {"path":"C:\\Users\\Usuario\\OneDrive\\Development\\Web Development\\control-caducidades\\server\\services\\socketService.js","statementMap":{"0":{"start":{"line":1,"column":15},"end":{"line":1,"column":35}},"1":{"start":{"line":10,"column":0},"end":{"line":20,"column":2}},"2":{"start":{"line":11,"column":2},"end":{"line":14,"column":3}},"3":{"start":{"line":12,"column":4},"end":{"line":12,"column":73}},"4":{"start":{"line":13,"column":4},"end":{"line":13,"column":11}},"5":{"start":{"line":16,"column":2},"end":{"line":19,"column":5}},"6":{"start":{"line":29,"column":0},"end":{"line":40,"column":2}},"7":{"start":{"line":30,"column":2},"end":{"line":33,"column":3}},"8":{"start":{"line":31,"column":4},"end":{"line":31,"column":73}},"9":{"start":{"line":32,"column":4},"end":{"line":32,"column":11}},"10":{"start":{"line":35,"column":2},"end":{"line":39,"column":5}}},"fnMap":{"0":{"name":"(anonymous_0)","decl":{"start":{"line":10,"column":29},"end":{"line":10,"column":30}},"loc":{"start":{"line":10,"column":72},"end":{"line":20,"column":1}},"line":10},"1":{"name":"(anonymous_1)","decl":{"start":{"line":29,"column":29},"end":{"line":29,"column":30}},"loc":{"start":{"line":29,"column":71},"end":{"line":40,"column":1}},"line":29}},"branchMap":{"0":{"loc":{"start":{"line":11,"column":2},"end":{"line":14,"column":3}},"type":"if","locations":[{"start":{"line":11,"column":2},"end":{"line":14,"column":3}},{"start":{},"end":{}}],"line":11},"1":{"loc":{"start":{"line":30,"column":2},"end":{"line":33,"column":3}},"type":"if","locations":[{"start":{"line":30,"column":2},"end":{"line":33,"column":3}},{"start":{},"end":{}}],"line":30}},"s":{"0":1,"1":1,"2":3,"3":0,"4":0,"5":3,"6":1,"7":0,"8":0,"9":0,"10":0},"f":{"0":3,"1":0},"b":{"0":[0,3],"1":[0,0]},"_coverageSchema":"1a1c01bbd47fc00a2c39e90264f33305004495a9","hash":"8a14e5503ad8080500f3ea758245aa3172710a83"}
,"C:\\Users\\Usuario\\OneDrive\\Development\\Web Development\\control-caducidades\\server\\tests\\db.js": {"path":"C:\\Users\\Usuario\\OneDrive\\Development\\Web Development\\control-caducidades\\server\\tests\\db.js","statementMap":{"0":{"start":{"line":1,"column":17},"end":{"line":1,"column":36}},"1":{"start":{"line":2,"column":30},"end":{"line":2,"column":62}},"2":{"start":{"line":6,"column":16},"end":{"line":14,"column":1}},"3":{"start":{"line":8,"column":2},"end":{"line":8,"column":30}},"4":{"start":{"line":10,"column":2},"end":{"line":10,"column":49}},"5":{"start":{"line":11,"column":14},"end":{"line":11,"column":34}},"6":{"start":{"line":13,"column":2},"end":{"line":13,"column":30}},"7":{"start":{"line":16,"column":22},"end":{"line":21,"column":1}},"8":{"start":{"line":17,"column":2},"end":{"line":17,"column":30}},"9":{"start":{"line":18,"column":2},"end":{"line":20,"column":3}},"10":{"start":{"line":19,"column":4},"end":{"line":19,"column":29}},"11":{"start":{"line":23,"column":22},"end":{"line":29,"column":1}},"12":{"start":{"line":24,"column":22},"end":{"line":24,"column":53}},"13":{"start":{"line":25,"column":2},"end":{"line":28,"column":3}},"14":{"start":{"line":26,"column":23},"end":{"line":26,"column":39}},"15":{"start":{"line":27,"column":4},"end":{"line":27,"column":34}},"16":{"start":{"line":31,"column":0},"end":{"line":35,"column":2}}},"fnMap":{"0":{"name":"(anonymous_0)","decl":{"start":{"line":6,"column":16},"end":{"line":6,"column":17}},"loc":{"start":{"line":6,"column":28},"end":{"line":14,"column":1}},"line":6},"1":{"name":"(anonymous_1)","decl":{"start":{"line":16,"column":22},"end":{"line":16,"column":23}},"loc":{"start":{"line":16,"column":34},"end":{"line":21,"column":1}},"line":16},"2":{"name":"(anonymous_2)","decl":{"start":{"line":23,"column":22},"end":{"line":23,"column":23}},"loc":{"start":{"line":23,"column":34},"end":{"line":29,"column":1}},"line":23}},"branchMap":{"0":{"loc":{"start":{"line":18,"column":2},"end":{"line":20,"column":3}},"type":"if","locations":[{"start":{"line":18,"column":2},"end":{"line":20,"column":3}},{"start":{},"end":{}}],"line":18}},"s":{"0":3,"1":3,"2":3,"3":3,"4":3,"5":3,"6":3,"7":3,"8":3,"9":3,"10":3,"11":3,"12":14,"13":14,"14":46,"15":46,"16":3},"f":{"0":3,"1":3,"2":14},"b":{"0":[3,0]},"_coverageSchema":"1a1c01bbd47fc00a2c39e90264f33305004495a9","hash":"2223e5231c764487370066ab428c9e0697c590f0"}
,"C:\\Users\\Usuario\\OneDrive\\Development\\Web Development\\control-caducidades\\server\\utils\\transaction.js": {"path":"C:\\Users\\Usuario\\OneDrive\\Development\\Web Development\\control-caducidades\\server\\utils\\transaction.js","statementMap":{"0":{"start":{"line":1,"column":17},"end":{"line":1,"column":36}},"1":{"start":{"line":2,"column":15},"end":{"line":2,"column":35}},"2":{"start":{"line":12,"column":25},"end":{"line":56,"column":1}},"3":{"start":{"line":13,"column":18},"end":{"line":13,"column":47}},"4":{"start":{"line":16,"column":2},"end":{"line":55,"column":3}},"5":{"start":{"line":18,"column":4},"end":{"line":18,"column":31}},"6":{"start":{"line":19,"column":4},"end":{"line":19,"column":37}},"7":{"start":{"line":20,"column":4},"end":{"line":20,"column":38}},"8":{"start":{"line":21,"column":4},"end":{"line":21,"column":18}},"9":{"start":{"line":24,"column":4},"end":{"line":26,"column":5}},"10":{"start":{"line":25,"column":6},"end":{"line":25,"column":39}},"11":{"start":{"line":32,"column":6},"end":{"line":34,"column":91}},"12":{"start":{"line":36,"column":4},"end":{"line":49,"column":5}},"13":{"start":{"line":37,"column":6},"end":{"line":39,"column":8}},"14":{"start":{"line":43,"column":6},"end":{"line":48,"column":7}},"15":{"start":{"line":44,"column":8},"end":{"line":44,"column":38}},"16":{"start":{"line":45,"column":8},"end":{"line":45,"column":22}},"17":{"start":{"line":47,"column":8},"end":{"line":47,"column":25}},"18":{"start":{"line":52,"column":4},"end":{"line":52,"column":16}},"19":{"start":{"line":54,"column":4},"end":{"line":54,"column":25}},"20":{"start":{"line":58,"column":0},"end":{"line":58,"column":38}}},"fnMap":{"0":{"name":"(anonymous_0)","decl":{"start":{"line":12,"column":25},"end":{"line":12,"column":26}},"loc":{"start":{"line":12,"column":45},"end":{"line":56,"column":1}},"line":12}},"branchMap":{"0":{"loc":{"start":{"line":24,"column":4},"end":{"line":26,"column":5}},"type":"if","locations":[{"start":{"line":24,"column":4},"end":{"line":26,"column":5}},{"start":{},"end":{}}],"line":24},"1":{"loc":{"start":{"line":32,"column":6},"end":{"line":34,"column":91}},"type":"binary-expr","locations":[{"start":{"line":32,"column":6},"end":{"line":32,"column":19}},{"start":{"line":33,"column":7},"end":{"line":33,"column":93}},{"start":{"line":34,"column":7},"end":{"line":34,"column":90}}],"line":32},"2":{"loc":{"start":{"line":36,"column":4},"end":{"line":49,"column":5}},"type":"if","locations":[{"start":{"line":36,"column":4},"end":{"line":49,"column":5}},{"start":{},"end":{}}],"line":36}},"s":{"0":2,"1":2,"2":2,"3":2,"4":2,"5":2,"6":2,"7":0,"8":0,"9":2,"10":2,"11":2,"12":2,"13":2,"14":2,"15":2,"16":2,"17":0,"18":0,"19":2,"20":2},"f":{"0":2},"b":{"0":[2,0],"1":[2,2,0],"2":[2,0]},"_coverageSchema":"1a1c01bbd47fc00a2c39e90264f33305004495a9","hash":"4b97efa1334d1fbb617e904cda30095283a6efb3"}
}
