{"C:\\Users\\Usuario\\OneDrive\\Development\\Web Development\\control-caducidades\\server\\routes\\authRoutes.js": {"path":"C:\\Users\\Usuario\\OneDrive\\Development\\Web Development\\control-caducidades\\server\\routes\\authRoutes.js","statementMap":{"0":{"start":{"line":1,"column":16},"end":{"line":1,"column":34}},"1":{"start":{"line":2,"column":15},"end":{"line":2,"column":31}},"2":{"start":{"line":3,"column":23},"end":{"line":3,"column":63}},"3":{"start":{"line":4,"column":38},"end":{"line":4,"column":67}},"4":{"start":{"line":7,"column":0},"end":{"line":9,"column":3}},"5":{"start":{"line":8,"column":2},"end":{"line":8,"column":41}},"6":{"start":{"line":12,"column":0},"end":{"line":12,"column":44}},"7":{"start":{"line":15,"column":0},"end":{"line":15,"column":24}},"8":{"start":{"line":18,"column":0},"end":{"line":18,"column":49}},"9":{"start":{"line":19,"column":0},"end":{"line":19,"column":62}},"10":{"start":{"line":22,"column":0},"end":{"line":22,"column":63}},"11":{"start":{"line":23,"column":0},"end":{"line":23,"column":63}},"12":{"start":{"line":24,"column":0},"end":{"line":24,"column":66}},"13":{"start":{"line":25,"column":0},"end":{"line":25,"column":69}},"14":{"start":{"line":27,"column":0},"end":{"line":27,"column":24}}},"fnMap":{"0":{"name":"(anonymous_0)","decl":{"start":{"line":7,"column":22},"end":{"line":7,"column":23}},"loc":{"start":{"line":7,"column":36},"end":{"line":9,"column":1}},"line":7}},"branchMap":{},"s":{"0":1,"1":1,"2":1,"3":1,"4":1,"5":0,"6":1,"7":1,"8":1,"9":1,"10":1,"11":1,"12":1,"13":1,"14":1},"f":{"0":0},"b":{},"_coverageSchema":"1a1c01bbd47fc00a2c39e90264f33305004495a9","hash":"dbcaa5d477f55a4f5cc1a8f9545cbeaf36d77a4a"}
}
