TN:
SF:logger.js
FNF:0
FNH:0
DA:1,3
DA:3,3
DA:15,3
LF:3
LH:3
BRDA:4,0,0,3
BRDA:4,0,1,3
BRF:2
BRH:2
end_of_record
TN:
SF:controllers\authController.js
FN:7,(anonymous_0)
FN:73,(anonymous_1)
FN:89,(anonymous_2)
FN:129,(anonymous_3)
FN:151,(anonymous_4)
FN:216,(anonymous_5)
FN:226,(anonymous_6)
FN:274,(anonymous_7)
FNF:8
FNH:2
FNDA:12,(anonymous_0)
FNDA:1,(anonymous_1)
FNDA:0,(anonymous_2)
FNDA:0,(anonymous_3)
FNDA:0,(anonymous_4)
FNDA:0,(anonymous_5)
FNDA:0,(anonymous_6)
FNDA:0,(anonymous_7)
DA:1,3
DA:2,3
DA:3,3
DA:4,3
DA:7,3
DA:8,12
DA:9,12
DA:10,12
DA:12,12
DA:13,0
DA:14,0
DA:19,12
DA:21,12
DA:22,1
DA:23,1
DA:28,11
DA:30,11
DA:31,1
DA:32,1
DA:37,10
DA:38,0
DA:39,0
DA:44,10
DA:54,10
DA:56,10
DA:66,0
DA:67,0
DA:68,0
DA:73,3
DA:74,1
DA:75,1
DA:76,1
DA:77,0
DA:79,1
DA:81,0
DA:82,0
DA:89,3
DA:90,0
DA:91,0
DA:93,0
DA:94,0
DA:99,0
DA:100,0
DA:101,0
DA:106,0
DA:107,0
DA:108,0
DA:113,0
DA:114,0
DA:115,0
DA:117,0
DA:121,0
DA:122,0
DA:129,3
DA:130,0
DA:131,0
DA:134,0
DA:136,0
DA:137,0
DA:140,0
DA:141,0
DA:143,0
DA:144,0
DA:151,3
DA:152,0
DA:153,0
DA:155,0
DA:156,0
DA:161,0
DA:162,0
DA:163,0
DA:169,0
DA:171,0
DA:173,0
DA:174,0
DA:179,0
DA:180,0
DA:182,0
DA:183,0
DA:189,0
DA:196,0
DA:197,0
DA:199,0
DA:201,0
DA:202,0
DA:207,0
DA:212,0
DA:213,0
DA:214,0
DA:216,0
DA:219,0
DA:226,3
DA:227,0
DA:228,0
DA:229,0
DA:231,0
DA:232,0
DA:233,0
DA:239,0
DA:240,0
DA:241,0
DA:244,0
DA:245,0
DA:249,0
DA:250,0
DA:252,0
DA:254,0
DA:255,0
DA:261,0
DA:266,0
DA:267,0
DA:274,3
DA:275,0
DA:276,0
DA:278,0
DA:279,0
DA:280,0
DA:286,0
DA:288,0
DA:290,0
DA:291,0
DA:298,0
DA:299,0
DA:300,0
DA:301,0
DA:307,0
DA:308,0
DA:310,0
DA:311,0
DA:316,0
DA:320,0
DA:321,0
LF:132
LH:31
BRDA:12,0,0,0
BRDA:12,0,1,12
BRDA:12,1,0,12
BRDA:12,1,1,12
BRDA:21,2,0,1
BRDA:21,2,1,11
BRDA:30,3,0,1
BRDA:30,3,1,10
BRDA:37,4,0,0
BRDA:37,4,1,10
BRDA:49,5,0,10
BRDA:49,5,1,0
BRDA:76,6,0,0
BRDA:76,6,1,1
BRDA:93,7,0,0
BRDA:93,7,1,0
BRDA:93,8,0,0
BRDA:93,8,1,0
BRDA:100,9,0,0
BRDA:100,9,1,0
BRDA:107,10,0,0
BRDA:107,10,1,0
BRDA:134,11,0,0
BRDA:134,11,1,0
BRDA:155,12,0,0
BRDA:155,12,1,0
BRDA:155,13,0,0
BRDA:155,13,1,0
BRDA:155,13,2,0
BRDA:162,14,0,0
BRDA:162,14,1,0
BRDA:171,15,0,0
BRDA:171,15,1,0
BRDA:173,16,0,0
BRDA:173,16,1,0
BRDA:180,17,0,0
BRDA:180,17,1,0
BRDA:182,18,0,0
BRDA:182,18,1,0
BRDA:182,19,0,0
BRDA:182,19,1,0
BRDA:193,20,0,0
BRDA:193,20,1,0
BRDA:201,21,0,0
BRDA:201,21,1,0
BRDA:213,22,0,0
BRDA:213,22,1,0
BRDA:232,23,0,0
BRDA:232,23,1,0
BRDA:239,24,0,0
BRDA:239,24,1,0
BRDA:240,25,0,0
BRDA:240,25,1,0
BRDA:241,26,0,0
BRDA:241,26,1,0
BRDA:244,27,0,0
BRDA:244,27,1,0
BRDA:244,28,0,0
BRDA:244,28,1,0
BRDA:254,29,0,0
BRDA:254,29,1,0
BRDA:279,30,0,0
BRDA:279,30,1,0
BRDA:288,31,0,0
BRDA:288,31,1,0
BRDA:290,32,0,0
BRDA:290,32,1,0
BRDA:298,33,0,0
BRDA:298,33,1,0
BRDA:300,34,0,0
BRDA:300,34,1,0
BRF:71
BRH:10
end_of_record
TN:
SF:controllers\catalogController.js
FN:7,(anonymous_0)
FN:24,(anonymous_1)
FN:26,(anonymous_2)
FN:72,(anonymous_3)
FN:76,(anonymous_4)
FN:112,(anonymous_5)
FN:145,(anonymous_6)
FNF:7
FNH:5
FNDA:1,(anonymous_0)
FNDA:1,(anonymous_1)
FNDA:2,(anonymous_2)
FNDA:1,(anonymous_3)
FNDA:2,(anonymous_4)
FNDA:0,(anonymous_5)
FNDA:0,(anonymous_6)
DA:1,2
DA:2,2
DA:3,2
DA:4,2
DA:7,2
DA:8,1
DA:9,1
DA:10,1
DA:11,1
DA:12,1
DA:13,1
DA:15,0
DA:16,0
DA:24,2
DA:25,1
DA:26,1
DA:27,2
DA:31,2
DA:32,2
DA:34,1
DA:40,1
DA:42,1
DA:45,1
DA:47,1
DA:49,1
DA:50,1
DA:51,1
DA:52,1
DA:57,0
DA:60,1
DA:62,0
DA:63,0
DA:69,2
DA:72,2
DA:73,1
DA:74,1
DA:76,1
DA:77,2
DA:82,1
DA:83,0
DA:86,1
DA:89,1
DA:91,1
DA:92,1
DA:97,1
DA:99,0
DA:101,0
DA:102,0
DA:105,0
DA:112,2
DA:113,0
DA:114,0
DA:115,0
DA:117,0
DA:118,0
DA:119,0
DA:124,0
DA:125,0
DA:126,0
DA:128,0
DA:129,0
DA:134,0
DA:136,0
DA:137,0
DA:145,2
DA:146,0
DA:147,0
DA:148,0
DA:150,0
DA:151,0
DA:153,0
DA:154,0
DA:155,0
DA:159,0
DA:165,0
DA:166,0
DA:167,0
DA:170,0
DA:172,0
DA:173,0
DA:178,0
DA:180,0
DA:181,0
LF:83
LH:41
BRDA:50,0,0,1
BRDA:50,0,1,0
BRDA:82,1,0,0
BRDA:82,1,1,1
BRDA:101,2,0,0
BRDA:101,2,1,0
BRDA:117,3,0,0
BRDA:117,3,1,0
BRDA:154,4,0,0
BRDA:154,4,1,0
BRDA:165,5,0,0
BRDA:165,5,1,0
BRF:12
BRH:2
end_of_record
TN:
SF:controllers\statusController.js
FN:6,(anonymous_0)
FN:14,(anonymous_1)
FN:27,(anonymous_2)
FN:28,(anonymous_3)
FN:32,(anonymous_4)
FN:47,(anonymous_5)
FN:59,(anonymous_6)
FN:69,(anonymous_7)
FN:75,(anonymous_8)
FN:90,(anonymous_9)
FN:162,(anonymous_10)
FN:178,(anonymous_11)
FNF:12
FNH:3
FNDA:1,(anonymous_0)
FNDA:1,(anonymous_1)
FNDA:0,(anonymous_2)
FNDA:0,(anonymous_3)
FNDA:0,(anonymous_4)
FNDA:0,(anonymous_5)
FNDA:0,(anonymous_6)
FNDA:0,(anonymous_7)
FNDA:0,(anonymous_8)
FNDA:3,(anonymous_9)
FNDA:0,(anonymous_10)
FNDA:0,(anonymous_11)
DA:1,1
DA:2,1
DA:3,1
DA:4,1
DA:6,1
DA:7,1
DA:8,1
DA:11,1
DA:12,1
DA:14,1
DA:15,1
DA:16,1
DA:18,0
DA:23,1
DA:24,0
DA:26,0
DA:27,0
DA:28,0
DA:32,1
DA:33,0
DA:34,0
DA:35,0
DA:38,1
DA:40,0
DA:41,0
DA:47,1
DA:48,0
DA:49,0
DA:50,0
DA:56,0
DA:57,0
DA:59,0
DA:60,0
DA:61,0
DA:63,0
DA:67,0
DA:68,0
DA:69,0
DA:70,0
DA:75,0
DA:76,0
DA:77,0
DA:78,0
DA:81,0
DA:83,0
DA:84,0
DA:90,1
DA:91,3
DA:92,3
DA:99,3
DA:102,3
DA:109,3
DA:110,3
DA:112,3
DA:113,2
DA:121,3
DA:125,3
DA:134,3
DA:137,3
DA:139,3
DA:142,3
DA:146,3
DA:148,3
DA:150,3
DA:157,3
DA:160,0
DA:161,0
DA:162,0
DA:166,0
DA:171,0
DA:178,1
DA:179,0
DA:180,0
DA:181,0
DA:186,0
DA:187,0
DA:188,0
DA:190,0
DA:198,0
DA:203,0
DA:204,0
LF:81
LH:36
BRDA:15,0,0,1
BRDA:15,0,1,0
BRDA:23,1,0,0
BRDA:23,1,1,1
BRDA:60,2,0,0
BRDA:60,2,1,0
BRDA:67,3,0,0
BRDA:67,3,1,0
BRDA:97,4,0,3
BRDA:112,5,0,2
BRDA:112,5,1,1
BRDA:153,6,0,2
BRDA:153,6,1,1
BRDA:161,7,0,0
BRDA:161,7,1,0
BRDA:186,8,0,0
BRDA:186,8,1,0
BRDA:200,9,0,0
BRDA:200,9,1,0
BRF:19
BRH:7
end_of_record
TN:
SF:middleware\auth.js
FN:7,(anonymous_0)
FN:48,(anonymous_1)
FN:67,(anonymous_2)
FNF:3
FNH:2
FNDA:11,(anonymous_0)
FNDA:2,(anonymous_1)
FNDA:0,(anonymous_2)
DA:1,3
DA:2,3
DA:3,3
DA:4,3
DA:7,3
DA:8,11
DA:9,11
DA:10,11
DA:12,11
DA:13,3
DA:14,3
DA:19,8
DA:22,8
DA:23,8
DA:24,0
DA:30,8
DA:31,8
DA:33,0
DA:35,0
DA:36,0
DA:41,0
DA:48,3
DA:49,2
DA:50,0
DA:51,0
DA:56,2
DA:57,0
DA:58,0
DA:63,2
DA:67,3
DA:68,0
DA:69,0
DA:70,0
DA:75,0
DA:76,0
DA:77,0
DA:82,0
LF:37
LH:21
BRDA:12,0,0,3
BRDA:12,0,1,8
BRDA:23,1,0,0
BRDA:23,1,1,8
BRDA:35,2,0,0
BRDA:35,2,1,0
BRDA:49,3,0,0
BRDA:49,3,1,2
BRDA:56,4,0,0
BRDA:56,4,1,2
BRDA:56,5,0,2
BRDA:56,5,1,0
BRDA:68,6,0,0
BRDA:68,6,1,0
BRDA:75,7,0,0
BRDA:75,7,1,0
BRF:16
BRH:6
end_of_record
TN:
SF:models\CatalogProduct.js
FNF:0
FNH:0
DA:1,2
DA:3,2
DA:34,2
DA:35,2
DA:37,2
LF:5
LH:5
BRF:0
BRH:0
end_of_record
TN:
SF:models\Product.js
FNF:0
FNH:0
DA:1,2
DA:3,2
DA:64,2
DA:65,2
DA:66,2
DA:69,2
LF:6
LH:6
BRF:0
BRH:0
end_of_record
TN:
SF:models\Restaurant.js
FNF:0
FNH:0
DA:1,3
DA:3,3
DA:24,3
LF:3
LH:3
BRF:0
BRH:0
end_of_record
TN:
SF:models\User.js
FN:18,(anonymous_0)
FN:54,(anonymous_1)
FN:70,(anonymous_2)
FN:80,(anonymous_3)
FNF:4
FNH:3
FNDA:11,(anonymous_0)
FNDA:11,(anonymous_1)
FNDA:0,(anonymous_2)
FNDA:1,(anonymous_3)
DA:1,3
DA:2,3
DA:3,3
DA:5,3
DA:19,11
DA:51,3
DA:54,3
DA:55,11
DA:56,0
DA:59,11
DA:60,11
DA:61,11
DA:62,11
DA:64,0
DA:65,0
DA:70,3
DA:71,0
DA:72,0
DA:74,0
DA:75,0
DA:80,3
DA:81,1
DA:82,1
DA:83,1
DA:84,1
DA:87,3
DA:89,3
LF:27
LH:20
BRDA:55,0,0,0
BRDA:55,0,1,11
BRF:2
BRH:1
end_of_record
TN:
SF:routes\authRoutes.js
FN:7,(anonymous_0)
FNF:1
FNH:0
FNDA:0,(anonymous_0)
DA:1,3
DA:2,3
DA:3,3
DA:4,3
DA:7,3
DA:8,0
DA:12,3
DA:15,3
DA:18,3
DA:19,3
DA:22,3
DA:23,3
DA:24,3
DA:25,3
DA:27,3
LF:15
LH:14
BRF:0
BRH:0
end_of_record
TN:
SF:routes\catalogRoutes.js
FNF:0
FNH:0
DA:1,2
DA:2,2
DA:3,2
DA:4,2
DA:7,2
DA:10,2
DA:13,2
DA:14,2
DA:15,2
DA:16,2
DA:18,2
LF:11
LH:11
BRF:0
BRH:0
end_of_record
TN:
SF:routes\statusRoutes.js
FNF:0
FNH:0
DA:1,1
DA:2,1
DA:3,1
DA:4,1
DA:7,1
DA:10,1
DA:11,1
DA:12,1
DA:13,1
DA:15,1
LF:10
LH:10
BRF:0
BRH:0
end_of_record
TN:
SF:services\productStateService.js
FN:6,(anonymous_0)
FNF:1
FNH:1
FNDA:3,(anonymous_0)
DA:6,1
DA:7,3
DA:10,3
DA:17,3
DA:18,1
DA:22,2
DA:23,2
DA:24,2
DA:28,0
DA:29,0
DA:32,0
DA:33,0
DA:34,0
DA:38,0
DA:39,0
DA:42,0
DA:43,0
DA:44,0
DA:47,0
DA:48,0
DA:49,0
DA:53,0
DA:57,0
DA:60,1
LF:24
LH:9
BRDA:11,0,0,3
BRDA:11,0,1,0
BRDA:17,1,0,1
BRDA:17,1,1,2
BRDA:17,2,0,3
BRDA:17,2,1,3
BRDA:17,2,2,1
BRDA:22,3,0,2
BRDA:22,3,1,0
BRDA:32,4,0,0
BRDA:32,4,1,0
BRDA:38,5,0,0
BRDA:38,5,1,0
BRDA:39,6,0,0
BRDA:39,6,1,0
BRDA:42,7,0,0
BRDA:42,7,1,0
BRDA:42,8,0,0
BRDA:42,8,1,0
BRDA:47,9,0,0
BRDA:47,9,1,0
BRDA:47,10,0,0
BRDA:47,10,1,0
BRF:23
BRH:7
end_of_record
TN:
SF:services\socketService.js
FN:10,(anonymous_0)
FN:29,(anonymous_1)
FNF:2
FNH:1
FNDA:3,(anonymous_0)
FNDA:0,(anonymous_1)
DA:1,1
DA:10,1
DA:11,3
DA:12,0
DA:13,0
DA:16,3
DA:29,1
DA:30,0
DA:31,0
DA:32,0
DA:35,0
LF:11
LH:5
BRDA:11,0,0,0
BRDA:11,0,1,3
BRDA:30,1,0,0
BRDA:30,1,1,0
BRF:4
BRH:1
end_of_record
TN:
SF:tests\db.js
FN:6,(anonymous_0)
FN:16,(anonymous_1)
FN:23,(anonymous_2)
FNF:3
FNH:3
FNDA:3,(anonymous_0)
FNDA:3,(anonymous_1)
FNDA:14,(anonymous_2)
DA:1,3
DA:2,3
DA:6,3
DA:8,3
DA:10,3
DA:11,3
DA:13,3
DA:16,3
DA:17,3
DA:18,3
DA:19,3
DA:23,3
DA:24,14
DA:25,14
DA:26,46
DA:27,46
DA:31,3
LF:17
LH:17
BRDA:18,0,0,3
BRDA:18,0,1,0
BRF:2
BRH:1
end_of_record
TN:
SF:utils\transaction.js
FN:12,(anonymous_0)
FNF:1
FNH:1
FNDA:2,(anonymous_0)
DA:1,2
DA:2,2
DA:12,2
DA:13,2
DA:16,2
DA:18,2
DA:19,2
DA:20,0
DA:21,0
DA:24,2
DA:25,2
DA:32,2
DA:36,2
DA:37,2
DA:43,2
DA:44,2
DA:45,2
DA:47,0
DA:52,0
DA:54,2
DA:58,2
LF:21
LH:17
BRDA:24,0,0,2
BRDA:24,0,1,0
BRDA:32,1,0,2
BRDA:32,1,1,2
BRDA:32,1,2,0
BRDA:36,2,0,2
BRDA:36,2,1,0
BRF:7
BRH:4
end_of_record
